Copyright 1986-2020 Xilinx, Inc. All Rights Reserved.
--------------------------------------------------------------------------------------------------------------------------------------------------------------------------------------------------
| Tool Version : Vivado v.2020.2 (win64) Build 3064766 Wed Nov 18 09:12:45 MST 2020
| Date         : Tue Oct  4 19:22:02 2022
| Host         : BCC4 running 64-bit major release  (build 9200)
| Command      : report_methodology -file LogisimToplevelShell_methodology_drc_routed.rpt -pb LogisimToplevelShell_methodology_drc_routed.pb -rpx LogisimToplevelShell_methodology_drc_routed.rpx
| Design       : LogisimToplevelShell
| Device       : xc7a100tcsg324-1
| Speed File   : -1
| Design State : Fully Routed
--------------------------------------------------------------------------------------------------------------------------------------------------------------------------------------------------

Report Methodology

Table of Contents
-----------------
1. REPORT SUMMARY
2. REPORT DETAILS

1. REPORT SUMMARY
-----------------
            Netlist: netlist
          Floorplan: design_1
      Design limits: <entire design considered>
             Max violations: <unlimited>
             Violations found: 79
+-----------+------------------+-------------------------------+------------+
| Rule      | Severity         | Description                   | Violations |
+-----------+------------------+-------------------------------+------------+
| TIMING-17 | Critical Warning | Non-clocked sequential cell   | 3          |
| LUTAR-1   | Warning          | LUT drives async reset alert  | 1          |
| SYNTH-10  | Warning          | Wide multiplier               | 3          |
| TIMING-16 | Warning          | Large setup violation         | 62         |
| TIMING-18 | Warning          | Missing input or output delay | 10         |
+-----------+------------------+-------------------------------+------------+

2. REPORT DETAILS
-----------------
TIMING-17#1 Critical Warning
Non-clocked sequential cell  
The clock pin single_cycle_riscv_0/FPGADigit_1/u_counter/out_reg[0]/C is not reached by a timing clock
Related violations: <none>

TIMING-17#2 Critical Warning
Non-clocked sequential cell  
The clock pin single_cycle_riscv_0/FPGADigit_1/u_counter/out_reg[1]/C is not reached by a timing clock
Related violations: <none>

TIMING-17#3 Critical Warning
Non-clocked sequential cell  
The clock pin single_cycle_riscv_0/FPGADigit_1/u_counter/out_reg[2]/C is not reached by a timing clock
Related violations: <none>

LUTAR-1#1 Warning
LUT drives async reset alert  
LUT cell single_cycle_riscv_0/REGISTER_FILE_3/s_state_reg[0]_i_2, with 2 or more inputs, drives asynchronous preset/clear pin(s) single_cycle_riscv_0/REGISTER_FILE_3/s_state_reg_reg[0]/CLR. The LUT may glitch and trigger an unexpected reset, even if it is a properly timed path.
Related violations: <none>

SYNTH-10#1 Warning
Wide multiplier  
Detected multiplier at single_cycle_riscv_0/ALU_1/Muler/Result of size 16x18, it is decomposed from a wide multipler into 4 DSP blocks.
Related violations: <none>

SYNTH-10#2 Warning
Wide multiplier  
Detected multiplier at single_cycle_riscv_0/ALU_1/Muler/Result__0 of size 18x18, it is decomposed from a wide multipler into 4 DSP blocks.
Related violations: <none>

SYNTH-10#3 Warning
Wide multiplier  
Detected multiplier at single_cycle_riscv_0/ALU_1/Muler/Result__1 of size 18x16, it is decomposed from a wide multipler into 4 DSP blocks.
Related violations: <none>

TIMING-16#1 Warning
Large setup violation  
There is a large setup violation of -1.073 ns between single_cycle_riscv_0/REGISTER_FILE_1/s_state_reg_reg[11]/C (clocked by sys_clk_pin) and single_cycle_riscv_0/regfile0/rf_reg_r2_0_31_0_5/RAMA/I (clocked by sys_clk_pin). Large setup violations at the end of those stages might be difficult to fix during the post-placement implementation flow and could be the result of non-optimal XDC constraints or non-optimal design architecture
Related violations: <none>

TIMING-16#2 Warning
Large setup violation  
There is a large setup violation of -1.099 ns between single_cycle_riscv_0/REGISTER_FILE_1/s_state_reg_reg[11]/C (clocked by sys_clk_pin) and single_cycle_riscv_0/regfile0/rf_reg_r2_0_31_6_11/RAMC_D1/I (clocked by sys_clk_pin). Large setup violations at the end of those stages might be difficult to fix during the post-placement implementation flow and could be the result of non-optimal XDC constraints or non-optimal design architecture
Related violations: <none>

TIMING-16#3 Warning
Large setup violation  
There is a large setup violation of -1.106 ns between single_cycle_riscv_0/REGISTER_FILE_1/s_state_reg_reg[10]/C (clocked by sys_clk_pin) and single_cycle_riscv_0/regfile0/rf_reg_r1_0_31_0_5/RAMC/I (clocked by sys_clk_pin). Large setup violations at the end of those stages might be difficult to fix during the post-placement implementation flow and could be the result of non-optimal XDC constraints or non-optimal design architecture
Related violations: <none>

TIMING-16#4 Warning
Large setup violation  
There is a large setup violation of -1.226 ns between single_cycle_riscv_0/REGISTER_FILE_1/s_state_reg_reg[11]/C (clocked by sys_clk_pin) and single_cycle_riscv_0/regfile0/rf_reg_r1_0_31_12_17/RAMA_D1/I (clocked by sys_clk_pin). Large setup violations at the end of those stages might be difficult to fix during the post-placement implementation flow and could be the result of non-optimal XDC constraints or non-optimal design architecture
Related violations: <none>

TIMING-16#5 Warning
Large setup violation  
There is a large setup violation of -1.250 ns between single_cycle_riscv_0/REGISTER_FILE_1/s_state_reg_reg[11]/C (clocked by sys_clk_pin) and single_cycle_riscv_0/regfile0/rf_reg_r2_0_31_0_5/RAMC/I (clocked by sys_clk_pin). Large setup violations at the end of those stages might be difficult to fix during the post-placement implementation flow and could be the result of non-optimal XDC constraints or non-optimal design architecture
Related violations: <none>

TIMING-16#6 Warning
Large setup violation  
There is a large setup violation of -1.255 ns between single_cycle_riscv_0/REGISTER_FILE_1/s_state_reg_reg[10]/C (clocked by sys_clk_pin) and single_cycle_riscv_0/regfile0/rf_reg_r1_0_31_0_5/RAMB/I (clocked by sys_clk_pin). Large setup violations at the end of those stages might be difficult to fix during the post-placement implementation flow and could be the result of non-optimal XDC constraints or non-optimal design architecture
Related violations: <none>

TIMING-16#7 Warning
Large setup violation  
There is a large setup violation of -1.282 ns between single_cycle_riscv_0/REGISTER_FILE_1/s_state_reg_reg[11]/C (clocked by sys_clk_pin) and single_cycle_riscv_0/regfile0/rf_reg_r2_0_31_12_17/RAMA_D1/I (clocked by sys_clk_pin). Large setup violations at the end of those stages might be difficult to fix during the post-placement implementation flow and could be the result of non-optimal XDC constraints or non-optimal design architecture
Related violations: <none>

TIMING-16#8 Warning
Large setup violation  
There is a large setup violation of -1.307 ns between single_cycle_riscv_0/REGISTER_FILE_1/s_state_reg_reg[11]/C (clocked by sys_clk_pin) and single_cycle_riscv_0/regfile0/rf_reg_r2_0_31_12_17/RAMA/I (clocked by sys_clk_pin). Large setup violations at the end of those stages might be difficult to fix during the post-placement implementation flow and could be the result of non-optimal XDC constraints or non-optimal design architecture
Related violations: <none>

TIMING-16#9 Warning
Large setup violation  
There is a large setup violation of -1.337 ns between single_cycle_riscv_0/REGISTER_FILE_1/s_state_reg_reg[11]/C (clocked by sys_clk_pin) and single_cycle_riscv_0/regfile0/rf_reg_r1_0_31_6_11/RAMB/I (clocked by sys_clk_pin). Large setup violations at the end of those stages might be difficult to fix during the post-placement implementation flow and could be the result of non-optimal XDC constraints or non-optimal design architecture
Related violations: <none>

TIMING-16#10 Warning
Large setup violation  
There is a large setup violation of -1.348 ns between single_cycle_riscv_0/REGISTER_FILE_1/s_state_reg_reg[11]/C (clocked by sys_clk_pin) and single_cycle_riscv_0/regfile0/rf_reg_r2_0_31_0_5/RAMA_D1/I (clocked by sys_clk_pin). Large setup violations at the end of those stages might be difficult to fix during the post-placement implementation flow and could be the result of non-optimal XDC constraints or non-optimal design architecture
Related violations: <none>

TIMING-16#11 Warning
Large setup violation  
There is a large setup violation of -1.363 ns between single_cycle_riscv_0/REGISTER_FILE_1/s_state_reg_reg[11]/C (clocked by sys_clk_pin) and single_cycle_riscv_0/regfile0/rf_reg_r1_0_31_12_17/RAMB/I (clocked by sys_clk_pin). Large setup violations at the end of those stages might be difficult to fix during the post-placement implementation flow and could be the result of non-optimal XDC constraints or non-optimal design architecture
Related violations: <none>

TIMING-16#12 Warning
Large setup violation  
There is a large setup violation of -1.390 ns between single_cycle_riscv_0/REGISTER_FILE_1/s_state_reg_reg[11]/C (clocked by sys_clk_pin) and single_cycle_riscv_0/regfile0/rf_reg_r2_0_31_0_5/RAMB/I (clocked by sys_clk_pin). Large setup violations at the end of those stages might be difficult to fix during the post-placement implementation flow and could be the result of non-optimal XDC constraints or non-optimal design architecture
Related violations: <none>

TIMING-16#13 Warning
Large setup violation  
There is a large setup violation of -1.420 ns between single_cycle_riscv_0/REGISTER_FILE_1/s_state_reg_reg[10]/C (clocked by sys_clk_pin) and single_cycle_riscv_0/regfile0/rf_reg_r1_0_31_0_5/RAMC_D1/I (clocked by sys_clk_pin). Large setup violations at the end of those stages might be difficult to fix during the post-placement implementation flow and could be the result of non-optimal XDC constraints or non-optimal design architecture
Related violations: <none>

TIMING-16#14 Warning
Large setup violation  
There is a large setup violation of -1.424 ns between single_cycle_riscv_0/REGISTER_FILE_1/s_state_reg_reg[10]/C (clocked by sys_clk_pin) and single_cycle_riscv_0/regfile0/rf_reg_r1_0_31_0_5/RAMB_D1/I (clocked by sys_clk_pin). Large setup violations at the end of those stages might be difficult to fix during the post-placement implementation flow and could be the result of non-optimal XDC constraints or non-optimal design architecture
Related violations: <none>

TIMING-16#15 Warning
Large setup violation  
There is a large setup violation of -1.428 ns between single_cycle_riscv_0/REGISTER_FILE_1/s_state_reg_reg[11]/C (clocked by sys_clk_pin) and single_cycle_riscv_0/regfile0/rf_reg_r2_0_31_0_5/RAMB_D1/I (clocked by sys_clk_pin). Large setup violations at the end of those stages might be difficult to fix during the post-placement implementation flow and could be the result of non-optimal XDC constraints or non-optimal design architecture
Related violations: <none>

TIMING-16#16 Warning
Large setup violation  
There is a large setup violation of -1.470 ns between single_cycle_riscv_0/REGISTER_FILE_1/s_state_reg_reg[11]/C (clocked by sys_clk_pin) and single_cycle_riscv_0/regfile0/rf_reg_r2_0_31_6_11/RAMB/I (clocked by sys_clk_pin). Large setup violations at the end of those stages might be difficult to fix during the post-placement implementation flow and could be the result of non-optimal XDC constraints or non-optimal design architecture
Related violations: <none>

TIMING-16#17 Warning
Large setup violation  
There is a large setup violation of -1.476 ns between single_cycle_riscv_0/REGISTER_FILE_1/s_state_reg_reg[10]/C (clocked by sys_clk_pin) and single_cycle_riscv_0/regfile0/rf_reg_r1_0_31_0_5/RAMA_D1/I (clocked by sys_clk_pin). Large setup violations at the end of those stages might be difficult to fix during the post-placement implementation flow and could be the result of non-optimal XDC constraints or non-optimal design architecture
Related violations: <none>

TIMING-16#18 Warning
Large setup violation  
There is a large setup violation of -1.483 ns between single_cycle_riscv_0/REGISTER_FILE_1/s_state_reg_reg[11]/C (clocked by sys_clk_pin) and single_cycle_riscv_0/regfile0/rf_reg_r1_0_31_6_11/RAMC/I (clocked by sys_clk_pin). Large setup violations at the end of those stages might be difficult to fix during the post-placement implementation flow and could be the result of non-optimal XDC constraints or non-optimal design architecture
Related violations: <none>

TIMING-16#19 Warning
Large setup violation  
There is a large setup violation of -1.486 ns between single_cycle_riscv_0/REGISTER_FILE_1/s_state_reg_reg[11]/C (clocked by sys_clk_pin) and single_cycle_riscv_0/regfile0/rf_reg_r1_0_31_6_11/RAMB_D1/I (clocked by sys_clk_pin). Large setup violations at the end of those stages might be difficult to fix during the post-placement implementation flow and could be the result of non-optimal XDC constraints or non-optimal design architecture
Related violations: <none>

TIMING-16#20 Warning
Large setup violation  
There is a large setup violation of -1.503 ns between single_cycle_riscv_0/REGISTER_FILE_1/s_state_reg_reg[11]/C (clocked by sys_clk_pin) and single_cycle_riscv_0/regfile0/rf_reg_r2_0_31_6_11/RAMB_D1/I (clocked by sys_clk_pin). Large setup violations at the end of those stages might be difficult to fix during the post-placement implementation flow and could be the result of non-optimal XDC constraints or non-optimal design architecture
Related violations: <none>

TIMING-16#21 Warning
Large setup violation  
There is a large setup violation of -1.516 ns between single_cycle_riscv_0/REGISTER_FILE_1/s_state_reg_reg[11]/C (clocked by sys_clk_pin) and single_cycle_riscv_0/regfile0/rf_reg_r2_0_31_0_5/RAMC_D1/I (clocked by sys_clk_pin). Large setup violations at the end of those stages might be difficult to fix during the post-placement implementation flow and could be the result of non-optimal XDC constraints or non-optimal design architecture
Related violations: <none>

TIMING-16#22 Warning
Large setup violation  
There is a large setup violation of -1.528 ns between single_cycle_riscv_0/REGISTER_FILE_1/s_state_reg_reg[11]/C (clocked by sys_clk_pin) and single_cycle_riscv_0/regfile0/rf_reg_r1_0_31_6_11/RAMA_D1/I (clocked by sys_clk_pin). Large setup violations at the end of those stages might be difficult to fix during the post-placement implementation flow and could be the result of non-optimal XDC constraints or non-optimal design architecture
Related violations: <none>

TIMING-16#23 Warning
Large setup violation  
There is a large setup violation of -1.531 ns between single_cycle_riscv_0/REGISTER_FILE_1/s_state_reg_reg[11]/C (clocked by sys_clk_pin) and single_cycle_riscv_0/regfile0/rf_reg_r1_0_31_12_17/RAMA/I (clocked by sys_clk_pin). Large setup violations at the end of those stages might be difficult to fix during the post-placement implementation flow and could be the result of non-optimal XDC constraints or non-optimal design architecture
Related violations: <none>

TIMING-16#24 Warning
Large setup violation  
There is a large setup violation of -1.572 ns between single_cycle_riscv_0/REGISTER_FILE_1/s_state_reg_reg[11]/C (clocked by sys_clk_pin) and single_cycle_riscv_0/regfile0/rf_reg_r2_0_31_6_11/RAMC/I (clocked by sys_clk_pin). Large setup violations at the end of those stages might be difficult to fix during the post-placement implementation flow and could be the result of non-optimal XDC constraints or non-optimal design architecture
Related violations: <none>

TIMING-16#25 Warning
Large setup violation  
There is a large setup violation of -1.575 ns between single_cycle_riscv_0/REGISTER_FILE_1/s_state_reg_reg[11]/C (clocked by sys_clk_pin) and single_cycle_riscv_0/regfile0/rf_reg_r2_0_31_12_17/RAMB/I (clocked by sys_clk_pin). Large setup violations at the end of those stages might be difficult to fix during the post-placement implementation flow and could be the result of non-optimal XDC constraints or non-optimal design architecture
Related violations: <none>

TIMING-16#26 Warning
Large setup violation  
There is a large setup violation of -1.646 ns between single_cycle_riscv_0/REGISTER_FILE_1/s_state_reg_reg[11]/C (clocked by sys_clk_pin) and single_cycle_riscv_0/regfile0/rf_reg_r1_0_31_6_11/RAMA/I (clocked by sys_clk_pin). Large setup violations at the end of those stages might be difficult to fix during the post-placement implementation flow and could be the result of non-optimal XDC constraints or non-optimal design architecture
Related violations: <none>

TIMING-16#27 Warning
Large setup violation  
There is a large setup violation of -1.670 ns between single_cycle_riscv_0/REGISTER_FILE_1/s_state_reg_reg[11]/C (clocked by sys_clk_pin) and single_cycle_riscv_0/regfile0/rf_reg_r2_0_31_6_11/RAMA_D1/I (clocked by sys_clk_pin). Large setup violations at the end of those stages might be difficult to fix during the post-placement implementation flow and could be the result of non-optimal XDC constraints or non-optimal design architecture
Related violations: <none>

TIMING-16#28 Warning
Large setup violation  
There is a large setup violation of -1.775 ns between single_cycle_riscv_0/REGISTER_FILE_1/s_state_reg_reg[11]/C (clocked by sys_clk_pin) and single_cycle_riscv_0/regfile0/rf_reg_r1_0_31_12_17/RAMB_D1/I (clocked by sys_clk_pin). Large setup violations at the end of those stages might be difficult to fix during the post-placement implementation flow and could be the result of non-optimal XDC constraints or non-optimal design architecture
Related violations: <none>

TIMING-16#29 Warning
Large setup violation  
There is a large setup violation of -1.789 ns between single_cycle_riscv_0/REGISTER_FILE_1/s_state_reg_reg[11]/C (clocked by sys_clk_pin) and single_cycle_riscv_0/regfile0/rf_reg_r2_0_31_6_11/RAMA/I (clocked by sys_clk_pin). Large setup violations at the end of those stages might be difficult to fix during the post-placement implementation flow and could be the result of non-optimal XDC constraints or non-optimal design architecture
Related violations: <none>

TIMING-16#30 Warning
Large setup violation  
There is a large setup violation of -1.851 ns between single_cycle_riscv_0/REGISTER_FILE_1/s_state_reg_reg[11]/C (clocked by sys_clk_pin) and single_cycle_riscv_0/regfile0/rf_reg_r2_0_31_12_17/RAMB_D1/I (clocked by sys_clk_pin). Large setup violations at the end of those stages might be difficult to fix during the post-placement implementation flow and could be the result of non-optimal XDC constraints or non-optimal design architecture
Related violations: <none>

TIMING-16#31 Warning
Large setup violation  
There is a large setup violation of -1.960 ns between single_cycle_riscv_0/REGISTER_FILE_1/s_state_reg_reg[11]/C (clocked by sys_clk_pin) and single_cycle_riscv_0/regfile0/rf_reg_r1_0_31_12_17/RAMC/I (clocked by sys_clk_pin). Large setup violations at the end of those stages might be difficult to fix during the post-placement implementation flow and could be the result of non-optimal XDC constraints or non-optimal design architecture
Related violations: <none>

TIMING-16#32 Warning
Large setup violation  
There is a large setup violation of -2.177 ns between single_cycle_riscv_0/REGISTER_FILE_1/s_state_reg_reg[11]/C (clocked by sys_clk_pin) and single_cycle_riscv_0/regfile0/rf_reg_r2_0_31_12_17/RAMC/I (clocked by sys_clk_pin). Large setup violations at the end of those stages might be difficult to fix during the post-placement implementation flow and could be the result of non-optimal XDC constraints or non-optimal design architecture
Related violations: <none>

TIMING-16#33 Warning
Large setup violation  
There is a large setup violation of -2.886 ns between single_cycle_riscv_0/REGISTER_FILE_1/s_state_reg_reg[11]/C (clocked by sys_clk_pin) and single_cycle_riscv_0/regfile0/rf_reg_r2_0_31_12_17/RAMC_D1/I (clocked by sys_clk_pin). Large setup violations at the end of those stages might be difficult to fix during the post-placement implementation flow and could be the result of non-optimal XDC constraints or non-optimal design architecture
Related violations: <none>

TIMING-16#34 Warning
Large setup violation  
There is a large setup violation of -3.193 ns between single_cycle_riscv_0/REGISTER_FILE_1/s_state_reg_reg[11]/C (clocked by sys_clk_pin) and single_cycle_riscv_0/regfile0/rf_reg_r1_0_31_12_17/RAMC_D1/I (clocked by sys_clk_pin). Large setup violations at the end of those stages might be difficult to fix during the post-placement implementation flow and could be the result of non-optimal XDC constraints or non-optimal design architecture
Related violations: <none>

TIMING-16#35 Warning
Large setup violation  
There is a large setup violation of -3.353 ns between single_cycle_riscv_0/REGISTER_FILE_1/s_state_reg_reg[11]/C (clocked by sys_clk_pin) and single_cycle_riscv_0/regfile0/rf_reg_r2_0_31_18_23/RAMA/I (clocked by sys_clk_pin). Large setup violations at the end of those stages might be difficult to fix during the post-placement implementation flow and could be the result of non-optimal XDC constraints or non-optimal design architecture
Related violations: <none>

TIMING-16#36 Warning
Large setup violation  
There is a large setup violation of -3.362 ns between single_cycle_riscv_0/REGISTER_FILE_1/s_state_reg_reg[11]/C (clocked by sys_clk_pin) and single_cycle_riscv_0/regfile0/rf_reg_r1_0_31_18_23/RAMA_D1/I (clocked by sys_clk_pin). Large setup violations at the end of those stages might be difficult to fix during the post-placement implementation flow and could be the result of non-optimal XDC constraints or non-optimal design architecture
Related violations: <none>

TIMING-16#37 Warning
Large setup violation  
There is a large setup violation of -3.365 ns between single_cycle_riscv_0/REGISTER_FILE_1/s_state_reg_reg[11]/C (clocked by sys_clk_pin) and single_cycle_riscv_0/regfile0/rf_reg_r1_0_31_18_23/RAMA/I (clocked by sys_clk_pin). Large setup violations at the end of those stages might be difficult to fix during the post-placement implementation flow and could be the result of non-optimal XDC constraints or non-optimal design architecture
Related violations: <none>

TIMING-16#38 Warning
Large setup violation  
There is a large setup violation of -3.489 ns between single_cycle_riscv_0/REGISTER_FILE_1/s_state_reg_reg[11]/C (clocked by sys_clk_pin) and single_cycle_riscv_0/regfile0/rf_reg_r2_0_31_30_31/RAMA/I (clocked by sys_clk_pin). Large setup violations at the end of those stages might be difficult to fix during the post-placement implementation flow and could be the result of non-optimal XDC constraints or non-optimal design architecture
Related violations: <none>

TIMING-16#39 Warning
Large setup violation  
There is a large setup violation of -3.504 ns between single_cycle_riscv_0/REGISTER_FILE_1/s_state_reg_reg[11]/C (clocked by sys_clk_pin) and single_cycle_riscv_0/regfile0/rf_reg_r2_0_31_18_23/RAMA_D1/I (clocked by sys_clk_pin). Large setup violations at the end of those stages might be difficult to fix during the post-placement implementation flow and could be the result of non-optimal XDC constraints or non-optimal design architecture
Related violations: <none>

TIMING-16#40 Warning
Large setup violation  
There is a large setup violation of -3.560 ns between single_cycle_riscv_0/REGISTER_FILE_1/s_state_reg_reg[11]/C (clocked by sys_clk_pin) and single_cycle_riscv_0/regfile0/rf_reg_r2_0_31_18_23/RAMB/I (clocked by sys_clk_pin). Large setup violations at the end of those stages might be difficult to fix during the post-placement implementation flow and could be the result of non-optimal XDC constraints or non-optimal design architecture
Related violations: <none>

TIMING-16#41 Warning
Large setup violation  
There is a large setup violation of -3.605 ns between single_cycle_riscv_0/REGISTER_FILE_1/s_state_reg_reg[11]/C (clocked by sys_clk_pin) and single_cycle_riscv_0/regfile0/rf_reg_r1_0_31_18_23/RAMC/I (clocked by sys_clk_pin). Large setup violations at the end of those stages might be difficult to fix during the post-placement implementation flow and could be the result of non-optimal XDC constraints or non-optimal design architecture
Related violations: <none>

TIMING-16#42 Warning
Large setup violation  
There is a large setup violation of -3.616 ns between single_cycle_riscv_0/REGISTER_FILE_1/s_state_reg_reg[11]/C (clocked by sys_clk_pin) and single_cycle_riscv_0/regfile0/rf_reg_r1_0_31_30_31/RAMA/I (clocked by sys_clk_pin). Large setup violations at the end of those stages might be difficult to fix during the post-placement implementation flow and could be the result of non-optimal XDC constraints or non-optimal design architecture
Related violations: <none>

TIMING-16#43 Warning
Large setup violation  
There is a large setup violation of -3.622 ns between single_cycle_riscv_0/REGISTER_FILE_1/s_state_reg_reg[11]/C (clocked by sys_clk_pin) and single_cycle_riscv_0/regfile0/rf_reg_r2_0_31_18_23/RAMC/I (clocked by sys_clk_pin). Large setup violations at the end of those stages might be difficult to fix during the post-placement implementation flow and could be the result of non-optimal XDC constraints or non-optimal design architecture
Related violations: <none>

TIMING-16#44 Warning
Large setup violation  
There is a large setup violation of -3.672 ns between single_cycle_riscv_0/REGISTER_FILE_1/s_state_reg_reg[11]/C (clocked by sys_clk_pin) and single_cycle_riscv_0/regfile0/rf_reg_r2_0_31_24_29/RAMC_D1/I (clocked by sys_clk_pin). Large setup violations at the end of those stages might be difficult to fix during the post-placement implementation flow and could be the result of non-optimal XDC constraints or non-optimal design architecture
Related violations: <none>

TIMING-16#45 Warning
Large setup violation  
There is a large setup violation of -3.688 ns between single_cycle_riscv_0/REGISTER_FILE_1/s_state_reg_reg[11]/C (clocked by sys_clk_pin) and single_cycle_riscv_0/regfile0/rf_reg_r2_0_31_30_31/RAMA_D1/I (clocked by sys_clk_pin). Large setup violations at the end of those stages might be difficult to fix during the post-placement implementation flow and could be the result of non-optimal XDC constraints or non-optimal design architecture
Related violations: <none>

TIMING-16#46 Warning
Large setup violation  
There is a large setup violation of -3.699 ns between single_cycle_riscv_0/REGISTER_FILE_1/s_state_reg_reg[11]/C (clocked by sys_clk_pin) and single_cycle_riscv_0/regfile0/rf_reg_r1_0_31_18_23/RAMB/I (clocked by sys_clk_pin). Large setup violations at the end of those stages might be difficult to fix during the post-placement implementation flow and could be the result of non-optimal XDC constraints or non-optimal design architecture
Related violations: <none>

TIMING-16#47 Warning
Large setup violation  
There is a large setup violation of -3.699 ns between single_cycle_riscv_0/REGISTER_FILE_1/s_state_reg_reg[11]/C (clocked by sys_clk_pin) and single_cycle_riscv_0/regfile0/rf_reg_r2_0_31_24_29/RAMB_D1/I (clocked by sys_clk_pin). Large setup violations at the end of those stages might be difficult to fix during the post-placement implementation flow and could be the result of non-optimal XDC constraints or non-optimal design architecture
Related violations: <none>

TIMING-16#48 Warning
Large setup violation  
There is a large setup violation of -3.701 ns between single_cycle_riscv_0/REGISTER_FILE_1/s_state_reg_reg[11]/C (clocked by sys_clk_pin) and single_cycle_riscv_0/regfile0/rf_reg_r1_0_31_24_29/RAMB_D1/I (clocked by sys_clk_pin). Large setup violations at the end of those stages might be difficult to fix during the post-placement implementation flow and could be the result of non-optimal XDC constraints or non-optimal design architecture
Related violations: <none>

TIMING-16#49 Warning
Large setup violation  
There is a large setup violation of -3.714 ns between single_cycle_riscv_0/REGISTER_FILE_1/s_state_reg_reg[11]/C (clocked by sys_clk_pin) and single_cycle_riscv_0/regfile0/rf_reg_r2_0_31_24_29/RAMA_D1/I (clocked by sys_clk_pin). Large setup violations at the end of those stages might be difficult to fix during the post-placement implementation flow and could be the result of non-optimal XDC constraints or non-optimal design architecture
Related violations: <none>

TIMING-16#50 Warning
Large setup violation  
There is a large setup violation of -3.716 ns between single_cycle_riscv_0/REGISTER_FILE_1/s_state_reg_reg[11]/C (clocked by sys_clk_pin) and single_cycle_riscv_0/regfile0/rf_reg_r2_0_31_18_23/RAMC_D1/I (clocked by sys_clk_pin). Large setup violations at the end of those stages might be difficult to fix during the post-placement implementation flow and could be the result of non-optimal XDC constraints or non-optimal design architecture
Related violations: <none>

TIMING-16#51 Warning
Large setup violation  
There is a large setup violation of -3.720 ns between single_cycle_riscv_0/REGISTER_FILE_1/s_state_reg_reg[11]/C (clocked by sys_clk_pin) and single_cycle_riscv_0/regfile0/rf_reg_r2_0_31_24_29/RAMB/I (clocked by sys_clk_pin). Large setup violations at the end of those stages might be difficult to fix during the post-placement implementation flow and could be the result of non-optimal XDC constraints or non-optimal design architecture
Related violations: <none>

TIMING-16#52 Warning
Large setup violation  
There is a large setup violation of -3.722 ns between single_cycle_riscv_0/REGISTER_FILE_1/s_state_reg_reg[11]/C (clocked by sys_clk_pin) and single_cycle_riscv_0/regfile0/rf_reg_r1_0_31_24_29/RAMB/I (clocked by sys_clk_pin). Large setup violations at the end of those stages might be difficult to fix during the post-placement implementation flow and could be the result of non-optimal XDC constraints or non-optimal design architecture
Related violations: <none>

TIMING-16#53 Warning
Large setup violation  
There is a large setup violation of -3.761 ns between single_cycle_riscv_0/REGISTER_FILE_1/s_state_reg_reg[11]/C (clocked by sys_clk_pin) and single_cycle_riscv_0/regfile0/rf_reg_r1_0_31_24_29/RAMC/I (clocked by sys_clk_pin). Large setup violations at the end of those stages might be difficult to fix during the post-placement implementation flow and could be the result of non-optimal XDC constraints or non-optimal design architecture
Related violations: <none>

TIMING-16#54 Warning
Large setup violation  
There is a large setup violation of -3.762 ns between single_cycle_riscv_0/REGISTER_FILE_1/s_state_reg_reg[11]/C (clocked by sys_clk_pin) and single_cycle_riscv_0/regfile0/rf_reg_r1_0_31_24_29/RAMA/I (clocked by sys_clk_pin). Large setup violations at the end of those stages might be difficult to fix during the post-placement implementation flow and could be the result of non-optimal XDC constraints or non-optimal design architecture
Related violations: <none>

TIMING-16#55 Warning
Large setup violation  
There is a large setup violation of -3.762 ns between single_cycle_riscv_0/REGISTER_FILE_1/s_state_reg_reg[11]/C (clocked by sys_clk_pin) and single_cycle_riscv_0/regfile0/rf_reg_r2_0_31_24_29/RAMC/I (clocked by sys_clk_pin). Large setup violations at the end of those stages might be difficult to fix during the post-placement implementation flow and could be the result of non-optimal XDC constraints or non-optimal design architecture
Related violations: <none>

TIMING-16#56 Warning
Large setup violation  
There is a large setup violation of -3.763 ns between single_cycle_riscv_0/REGISTER_FILE_1/s_state_reg_reg[11]/C (clocked by sys_clk_pin) and single_cycle_riscv_0/regfile0/rf_reg_r2_0_31_24_29/RAMA/I (clocked by sys_clk_pin). Large setup violations at the end of those stages might be difficult to fix during the post-placement implementation flow and could be the result of non-optimal XDC constraints or non-optimal design architecture
Related violations: <none>

TIMING-16#57 Warning
Large setup violation  
There is a large setup violation of -3.764 ns between single_cycle_riscv_0/REGISTER_FILE_1/s_state_reg_reg[11]/C (clocked by sys_clk_pin) and single_cycle_riscv_0/regfile0/rf_reg_r1_0_31_18_23/RAMC_D1/I (clocked by sys_clk_pin). Large setup violations at the end of those stages might be difficult to fix during the post-placement implementation flow and could be the result of non-optimal XDC constraints or non-optimal design architecture
Related violations: <none>

TIMING-16#58 Warning
Large setup violation  
There is a large setup violation of -3.810 ns between single_cycle_riscv_0/REGISTER_FILE_1/s_state_reg_reg[11]/C (clocked by sys_clk_pin) and single_cycle_riscv_0/regfile0/rf_reg_r1_0_31_18_23/RAMB_D1/I (clocked by sys_clk_pin). Large setup violations at the end of those stages might be difficult to fix during the post-placement implementation flow and could be the result of non-optimal XDC constraints or non-optimal design architecture
Related violations: <none>

TIMING-16#59 Warning
Large setup violation  
There is a large setup violation of -3.811 ns between single_cycle_riscv_0/REGISTER_FILE_1/s_state_reg_reg[11]/C (clocked by sys_clk_pin) and single_cycle_riscv_0/regfile0/rf_reg_r1_0_31_24_29/RAMC_D1/I (clocked by sys_clk_pin). Large setup violations at the end of those stages might be difficult to fix during the post-placement implementation flow and could be the result of non-optimal XDC constraints or non-optimal design architecture
Related violations: <none>

TIMING-16#60 Warning
Large setup violation  
There is a large setup violation of -3.813 ns between single_cycle_riscv_0/REGISTER_FILE_1/s_state_reg_reg[11]/C (clocked by sys_clk_pin) and single_cycle_riscv_0/regfile0/rf_reg_r2_0_31_18_23/RAMB_D1/I (clocked by sys_clk_pin). Large setup violations at the end of those stages might be difficult to fix during the post-placement implementation flow and could be the result of non-optimal XDC constraints or non-optimal design architecture
Related violations: <none>

TIMING-16#61 Warning
Large setup violation  
There is a large setup violation of -3.822 ns between single_cycle_riscv_0/REGISTER_FILE_1/s_state_reg_reg[11]/C (clocked by sys_clk_pin) and single_cycle_riscv_0/regfile0/rf_reg_r1_0_31_30_31/RAMA_D1/I (clocked by sys_clk_pin). Large setup violations at the end of those stages might be difficult to fix during the post-placement implementation flow and could be the result of non-optimal XDC constraints or non-optimal design architecture
Related violations: <none>

TIMING-16#62 Warning
Large setup violation  
There is a large setup violation of -3.853 ns between single_cycle_riscv_0/REGISTER_FILE_1/s_state_reg_reg[11]/C (clocked by sys_clk_pin) and single_cycle_riscv_0/regfile0/rf_reg_r1_0_31_24_29/RAMA_D1/I (clocked by sys_clk_pin). Large setup violations at the end of those stages might be difficult to fix during the post-placement implementation flow and could be the result of non-optimal XDC constraints or non-optimal design architecture
Related violations: <none>

TIMING-18#1 Warning
Missing input or output delay  
An input delay is missing on FPGA_INPUT_PIN_0 relative to clock(s) sys_clk_pin
Related violations: <none>

TIMING-18#2 Warning
Missing input or output delay  
An input delay is missing on FPGA_INPUT_PIN_1 relative to clock(s) sys_clk_pin
Related violations: <none>

TIMING-18#3 Warning
Missing input or output delay  
An output delay is missing on FPGA_OUTPUT_PIN_0[0] relative to clock(s) sys_clk_pin
Related violations: <none>

TIMING-18#4 Warning
Missing input or output delay  
An output delay is missing on FPGA_OUTPUT_PIN_0[1] relative to clock(s) sys_clk_pin
Related violations: <none>

TIMING-18#5 Warning
Missing input or output delay  
An output delay is missing on FPGA_OUTPUT_PIN_0[2] relative to clock(s) sys_clk_pin
Related violations: <none>

TIMING-18#6 Warning
Missing input or output delay  
An output delay is missing on FPGA_OUTPUT_PIN_0[3] relative to clock(s) sys_clk_pin
Related violations: <none>

TIMING-18#7 Warning
Missing input or output delay  
An output delay is missing on FPGA_OUTPUT_PIN_0[4] relative to clock(s) sys_clk_pin
Related violations: <none>

TIMING-18#8 Warning
Missing input or output delay  
An output delay is missing on FPGA_OUTPUT_PIN_0[5] relative to clock(s) sys_clk_pin
Related violations: <none>

TIMING-18#9 Warning
Missing input or output delay  
An output delay is missing on FPGA_OUTPUT_PIN_0[6] relative to clock(s) sys_clk_pin
Related violations: <none>

TIMING-18#10 Warning
Missing input or output delay  
An output delay is missing on FPGA_OUTPUT_PIN_0[7] relative to clock(s) sys_clk_pin
Related violations: <none>


