Copyright 1986-2020 Xilinx, Inc. All Rights Reserved.
------------------------------------------------------------------------------------------------------------------------------------------------------
| Tool Version : Vivado v.2020.2 (win64) Build 3064766 Wed Nov 18 09:12:45 MST 2020
| Date         : Thu Oct 20 22:18:17 2022
| Host         : starssslegion running 64-bit major release  (build 9200)
| Command      : report_drc -file LogisimToplevelShell_drc_routed.rpt -pb LogisimToplevelShell_drc_routed.pb -rpx LogisimToplevelShell_drc_routed.rpx
| Design       : LogisimToplevelShell
| Device       : xc7a100tcsg324-1
| Speed File   : -1
| Design State : Fully Routed
------------------------------------------------------------------------------------------------------------------------------------------------------

Report DRC

Table of Contents
-----------------
1. REPORT SUMMARY
2. REPORT DETAILS

1. REPORT SUMMARY
-----------------
            Netlist: netlist
          Floorplan: design_1
      Design limits: <entire design considered>
           Ruledeck: default
             Max violations: <unlimited>
             Violations found: 55
+-------------+----------+-------------------------------------------------------------+------------+
| Rule        | Severity | Description                                                 | Violations |
+-------------+----------+-------------------------------------------------------------+------------+
| CFGBVS-1    | Warning  | Missing CFGBVS and CONFIG_VOLTAGE Design Properties         | 1          |
| DPIP-1      | Warning  | Input pipelining                                            | 6          |
| DPOP-1      | Warning  | PREG Output pipelining                                      | 3          |
| DPOP-2      | Warning  | MREG Output pipelining                                      | 3          |
| PDRC-153    | Warning  | Gated clock check                                           | 21         |
| PLHOLDVIO-2 | Warning  | Non-Optimal connections which could lead to hold violations | 21         |
+-------------+----------+-------------------------------------------------------------+------------+

2. REPORT DETAILS
-----------------
CFGBVS-1#1 Warning
Missing CFGBVS and CONFIG_VOLTAGE Design Properties  
Neither the CFGBVS nor CONFIG_VOLTAGE voltage property is set in the current_design.  Configuration bank voltage select (CFGBVS) must be set to VCCO or GND, and CONFIG_VOLTAGE must be set to the correct configuration voltage, in order to determine the I/O voltage support for the pins in bank 0.  It is suggested to specify these either using the 'Edit Device Properties' function in the GUI or directly in the XDC file using the following syntax:

 set_property CFGBVS value1 [current_design]
 #where value1 is either VCCO or GND

 set_property CONFIG_VOLTAGE value2 [current_design]
 #where value2 is the voltage provided to configuration bank 0

Refer to the device configuration user guide for more information.
Related violations: <none>

DPIP-1#1 Warning
Input pipelining  
DSP single_cycle_riscv_0/ALU_1/Muler/Result input single_cycle_riscv_0/ALU_1/Muler/Result/A[29:0] is not pipelined. Pipelining DSP48 input will improve performance.
Related violations: <none>

DPIP-1#2 Warning
Input pipelining  
DSP single_cycle_riscv_0/ALU_1/Muler/Result input single_cycle_riscv_0/ALU_1/Muler/Result/B[17:0] is not pipelined. Pipelining DSP48 input will improve performance.
Related violations: <none>

DPIP-1#3 Warning
Input pipelining  
DSP single_cycle_riscv_0/ALU_1/Muler/Result__0 input single_cycle_riscv_0/ALU_1/Muler/Result__0/A[29:0] is not pipelined. Pipelining DSP48 input will improve performance.
Related violations: <none>

DPIP-1#4 Warning
Input pipelining  
DSP single_cycle_riscv_0/ALU_1/Muler/Result__0 input single_cycle_riscv_0/ALU_1/Muler/Result__0/B[17:0] is not pipelined. Pipelining DSP48 input will improve performance.
Related violations: <none>

DPIP-1#5 Warning
Input pipelining  
DSP single_cycle_riscv_0/ALU_1/Muler/Result__1 input single_cycle_riscv_0/ALU_1/Muler/Result__1/A[29:0] is not pipelined. Pipelining DSP48 input will improve performance.
Related violations: <none>

DPIP-1#6 Warning
Input pipelining  
DSP single_cycle_riscv_0/ALU_1/Muler/Result__1 input single_cycle_riscv_0/ALU_1/Muler/Result__1/B[17:0] is not pipelined. Pipelining DSP48 input will improve performance.
Related violations: <none>

DPOP-1#1 Warning
PREG Output pipelining  
DSP single_cycle_riscv_0/ALU_1/Muler/Result output single_cycle_riscv_0/ALU_1/Muler/Result/P[47:0] is not pipelined (PREG=0). Pipelining the DSP48 output will improve performance and often saves power so it is suggested whenever possible to fully pipeline this function.  If this DSP48 function was inferred, it is suggested to describe an additional register stage after this function.  If the DSP48 was instantiated in the design, it is suggested to set the PREG attribute to 1.
Related violations: <none>

DPOP-1#2 Warning
PREG Output pipelining  
DSP single_cycle_riscv_0/ALU_1/Muler/Result__0 output single_cycle_riscv_0/ALU_1/Muler/Result__0/P[47:0] is not pipelined (PREG=0). Pipelining the DSP48 output will improve performance and often saves power so it is suggested whenever possible to fully pipeline this function.  If this DSP48 function was inferred, it is suggested to describe an additional register stage after this function.  If the DSP48 was instantiated in the design, it is suggested to set the PREG attribute to 1.
Related violations: <none>

DPOP-1#3 Warning
PREG Output pipelining  
DSP single_cycle_riscv_0/ALU_1/Muler/Result__1 output single_cycle_riscv_0/ALU_1/Muler/Result__1/P[47:0] is not pipelined (PREG=0). Pipelining the DSP48 output will improve performance and often saves power so it is suggested whenever possible to fully pipeline this function.  If this DSP48 function was inferred, it is suggested to describe an additional register stage after this function.  If the DSP48 was instantiated in the design, it is suggested to set the PREG attribute to 1.
Related violations: <none>

DPOP-2#1 Warning
MREG Output pipelining  
DSP single_cycle_riscv_0/ALU_1/Muler/Result multiplier stage single_cycle_riscv_0/ALU_1/Muler/Result/P[47:0] is not pipelined (MREG=0). Pipelining the multiplier function will improve performance and will save significant power so it is suggested whenever possible to fully pipeline this function.  If this multiplier was inferred, it is suggested to describe an additional register stage after this function.  If there is no registered adder/accumulator following the multiply function, two pipeline stages are suggested to allow both the MREG and PREG registers to be used.  If the DSP48 was instantiated in the design, it is suggested to set both the MREG and PREG attributes to 1 when performing multiply functions.
Related violations: <none>

DPOP-2#2 Warning
MREG Output pipelining  
DSP single_cycle_riscv_0/ALU_1/Muler/Result__0 multiplier stage single_cycle_riscv_0/ALU_1/Muler/Result__0/P[47:0] is not pipelined (MREG=0). Pipelining the multiplier function will improve performance and will save significant power so it is suggested whenever possible to fully pipeline this function.  If this multiplier was inferred, it is suggested to describe an additional register stage after this function.  If there is no registered adder/accumulator following the multiply function, two pipeline stages are suggested to allow both the MREG and PREG registers to be used.  If the DSP48 was instantiated in the design, it is suggested to set both the MREG and PREG attributes to 1 when performing multiply functions.
Related violations: <none>

DPOP-2#3 Warning
MREG Output pipelining  
DSP single_cycle_riscv_0/ALU_1/Muler/Result__1 multiplier stage single_cycle_riscv_0/ALU_1/Muler/Result__1/P[47:0] is not pipelined (MREG=0). Pipelining the multiplier function will improve performance and will save significant power so it is suggested whenever possible to fully pipeline this function.  If this multiplier was inferred, it is suggested to describe an additional register stage after this function.  If there is no registered adder/accumulator following the multiply function, two pipeline stages are suggested to allow both the MREG and PREG registers to be used.  If the DSP48 was instantiated in the design, it is suggested to set both the MREG and PREG attributes to 1 when performing multiply functions.
Related violations: <none>

PDRC-153#1 Warning
Gated clock check  
Net CLOCKGEN_0/s_output_regs_reg[2]_1 is a gated clock net sourced by a combinational pin CLOCKGEN_0/mem_reg_0_127_16_16_i_1/O, cell CLOCKGEN_0/mem_reg_0_127_16_16_i_1. This is not good design practice and will likely impact performance. For SLICE registers, for example, use the CE pin to control the loading of data.
Related violations: <none>

PDRC-153#2 Warning
Gated clock check  
Net CLOCKGEN_0/s_output_regs_reg[2]_10 is a gated clock net sourced by a combinational pin CLOCKGEN_0/mem_reg_0_127_25_25_i_1/O, cell CLOCKGEN_0/mem_reg_0_127_25_25_i_1. This is not good design practice and will likely impact performance. For SLICE registers, for example, use the CE pin to control the loading of data.
Related violations: <none>

PDRC-153#3 Warning
Gated clock check  
Net CLOCKGEN_0/s_output_regs_reg[2]_11 is a gated clock net sourced by a combinational pin CLOCKGEN_0/mem_reg_0_127_26_26_i_1/O, cell CLOCKGEN_0/mem_reg_0_127_26_26_i_1. This is not good design practice and will likely impact performance. For SLICE registers, for example, use the CE pin to control the loading of data.
Related violations: <none>

PDRC-153#4 Warning
Gated clock check  
Net CLOCKGEN_0/s_output_regs_reg[2]_12 is a gated clock net sourced by a combinational pin CLOCKGEN_0/mem_reg_0_127_27_27_i_1/O, cell CLOCKGEN_0/mem_reg_0_127_27_27_i_1. This is not good design practice and will likely impact performance. For SLICE registers, for example, use the CE pin to control the loading of data.
Related violations: <none>

PDRC-153#5 Warning
Gated clock check  
Net CLOCKGEN_0/s_output_regs_reg[2]_13 is a gated clock net sourced by a combinational pin CLOCKGEN_0/mem_reg_0_127_11_11_i_1/O, cell CLOCKGEN_0/mem_reg_0_127_11_11_i_1. This is not good design practice and will likely impact performance. For SLICE registers, for example, use the CE pin to control the loading of data.
Related violations: <none>

PDRC-153#6 Warning
Gated clock check  
Net CLOCKGEN_0/s_output_regs_reg[2]_14 is a gated clock net sourced by a combinational pin CLOCKGEN_0/mem_reg_0_127_28_28_i_1/O, cell CLOCKGEN_0/mem_reg_0_127_28_28_i_1. This is not good design practice and will likely impact performance. For SLICE registers, for example, use the CE pin to control the loading of data.
Related violations: <none>

PDRC-153#7 Warning
Gated clock check  
Net CLOCKGEN_0/s_output_regs_reg[2]_15 is a gated clock net sourced by a combinational pin CLOCKGEN_0/mem_reg_0_127_12_12_i_1/O, cell CLOCKGEN_0/mem_reg_0_127_12_12_i_1. This is not good design practice and will likely impact performance. For SLICE registers, for example, use the CE pin to control the loading of data.
Related violations: <none>

PDRC-153#8 Warning
Gated clock check  
Net CLOCKGEN_0/s_output_regs_reg[2]_16 is a gated clock net sourced by a combinational pin CLOCKGEN_0/mem_reg_0_127_29_29_i_1/O, cell CLOCKGEN_0/mem_reg_0_127_29_29_i_1. This is not good design practice and will likely impact performance. For SLICE registers, for example, use the CE pin to control the loading of data.
Related violations: <none>

PDRC-153#9 Warning
Gated clock check  
Net CLOCKGEN_0/s_output_regs_reg[2]_17 is a gated clock net sourced by a combinational pin CLOCKGEN_0/mem_reg_0_127_13_13_i_1/O, cell CLOCKGEN_0/mem_reg_0_127_13_13_i_1. This is not good design practice and will likely impact performance. For SLICE registers, for example, use the CE pin to control the loading of data.
Related violations: <none>

PDRC-153#10 Warning
Gated clock check  
Net CLOCKGEN_0/s_output_regs_reg[2]_18 is a gated clock net sourced by a combinational pin CLOCKGEN_0/mem_reg_0_127_30_30_i_1/O, cell CLOCKGEN_0/mem_reg_0_127_30_30_i_1. This is not good design practice and will likely impact performance. For SLICE registers, for example, use the CE pin to control the loading of data.
Related violations: <none>

PDRC-153#11 Warning
Gated clock check  
Net CLOCKGEN_0/s_output_regs_reg[2]_19 is a gated clock net sourced by a combinational pin CLOCKGEN_0/mem_reg_0_127_14_14_i_1/O, cell CLOCKGEN_0/mem_reg_0_127_14_14_i_1. This is not good design practice and will likely impact performance. For SLICE registers, for example, use the CE pin to control the loading of data.
Related violations: <none>

PDRC-153#12 Warning
Gated clock check  
Net CLOCKGEN_0/s_output_regs_reg[2]_2 is a gated clock net sourced by a combinational pin CLOCKGEN_0/mem_reg_0_127_17_17_i_1/O, cell CLOCKGEN_0/mem_reg_0_127_17_17_i_1. This is not good design practice and will likely impact performance. For SLICE registers, for example, use the CE pin to control the loading of data.
Related violations: <none>

PDRC-153#13 Warning
Gated clock check  
Net CLOCKGEN_0/s_output_regs_reg[2]_20 is a gated clock net sourced by a combinational pin CLOCKGEN_0/mem_reg_0_127_31_31_i_1/O, cell CLOCKGEN_0/mem_reg_0_127_31_31_i_1. This is not good design practice and will likely impact performance. For SLICE registers, for example, use the CE pin to control the loading of data.
Related violations: <none>

PDRC-153#14 Warning
Gated clock check  
Net CLOCKGEN_0/s_output_regs_reg[2]_21 is a gated clock net sourced by a combinational pin CLOCKGEN_0/mem_reg_0_127_15_15_i_1/O, cell CLOCKGEN_0/mem_reg_0_127_15_15_i_1. This is not good design practice and will likely impact performance. For SLICE registers, for example, use the CE pin to control the loading of data.
Related violations: <none>

PDRC-153#15 Warning
Gated clock check  
Net CLOCKGEN_0/s_output_regs_reg[2]_3 is a gated clock net sourced by a combinational pin CLOCKGEN_0/mem_reg_0_127_18_18_i_1/O, cell CLOCKGEN_0/mem_reg_0_127_18_18_i_1. This is not good design practice and will likely impact performance. For SLICE registers, for example, use the CE pin to control the loading of data.
Related violations: <none>

PDRC-153#16 Warning
Gated clock check  
Net CLOCKGEN_0/s_output_regs_reg[2]_4 is a gated clock net sourced by a combinational pin CLOCKGEN_0/mem_reg_0_127_19_19_i_1/O, cell CLOCKGEN_0/mem_reg_0_127_19_19_i_1. This is not good design practice and will likely impact performance. For SLICE registers, for example, use the CE pin to control the loading of data.
Related violations: <none>

PDRC-153#17 Warning
Gated clock check  
Net CLOCKGEN_0/s_output_regs_reg[2]_5 is a gated clock net sourced by a combinational pin CLOCKGEN_0/mem_reg_0_127_20_20_i_1/O, cell CLOCKGEN_0/mem_reg_0_127_20_20_i_1. This is not good design practice and will likely impact performance. For SLICE registers, for example, use the CE pin to control the loading of data.
Related violations: <none>

PDRC-153#18 Warning
Gated clock check  
Net CLOCKGEN_0/s_output_regs_reg[2]_6 is a gated clock net sourced by a combinational pin CLOCKGEN_0/mem_reg_0_127_21_21_i_1/O, cell CLOCKGEN_0/mem_reg_0_127_21_21_i_1. This is not good design practice and will likely impact performance. For SLICE registers, for example, use the CE pin to control the loading of data.
Related violations: <none>

PDRC-153#19 Warning
Gated clock check  
Net CLOCKGEN_0/s_output_regs_reg[2]_7 is a gated clock net sourced by a combinational pin CLOCKGEN_0/mem_reg_0_127_22_22_i_1/O, cell CLOCKGEN_0/mem_reg_0_127_22_22_i_1. This is not good design practice and will likely impact performance. For SLICE registers, for example, use the CE pin to control the loading of data.
Related violations: <none>

PDRC-153#20 Warning
Gated clock check  
Net CLOCKGEN_0/s_output_regs_reg[2]_8 is a gated clock net sourced by a combinational pin CLOCKGEN_0/mem_reg_0_127_23_23_i_1/O, cell CLOCKGEN_0/mem_reg_0_127_23_23_i_1. This is not good design practice and will likely impact performance. For SLICE registers, for example, use the CE pin to control the loading of data.
Related violations: <none>

PDRC-153#21 Warning
Gated clock check  
Net CLOCKGEN_0/s_output_regs_reg[2]_9 is a gated clock net sourced by a combinational pin CLOCKGEN_0/mem_reg_0_127_24_24_i_1/O, cell CLOCKGEN_0/mem_reg_0_127_24_24_i_1. This is not good design practice and will likely impact performance. For SLICE registers, for example, use the CE pin to control the loading of data.
Related violations: <none>

PLHOLDVIO-2#1 Warning
Non-Optimal connections which could lead to hold violations  
A LUT CLOCKGEN_0/mem_reg_0_127_11_11_i_1 is driving clock pin of 128 cells. This could lead to large hold time violations. Involved cells are:
single_cycle_riscv_0/RAM_1/mem_reg_0_127_11_11/DP.HIGH (in single_cycle_riscv_0/RAM_1/mem_reg_0_127_11_11 macro),
single_cycle_riscv_0/RAM_1/mem_reg_0_127_11_11/DP.LOW (in single_cycle_riscv_0/RAM_1/mem_reg_0_127_11_11 macro),
single_cycle_riscv_0/RAM_1/mem_reg_0_127_11_11/SP.HIGH (in single_cycle_riscv_0/RAM_1/mem_reg_0_127_11_11 macro),
single_cycle_riscv_0/RAM_1/mem_reg_0_127_11_11/SP.LOW (in single_cycle_riscv_0/RAM_1/mem_reg_0_127_11_11 macro),
single_cycle_riscv_0/RAM_1/mem_reg_1024_1151_11_11/DP.HIGH (in single_cycle_riscv_0/RAM_1/mem_reg_1024_1151_11_11 macro),
single_cycle_riscv_0/RAM_1/mem_reg_1024_1151_11_11/DP.LOW (in single_cycle_riscv_0/RAM_1/mem_reg_1024_1151_11_11 macro),
single_cycle_riscv_0/RAM_1/mem_reg_1024_1151_11_11/SP.HIGH (in single_cycle_riscv_0/RAM_1/mem_reg_1024_1151_11_11 macro),
single_cycle_riscv_0/RAM_1/mem_reg_1024_1151_11_11/SP.LOW (in single_cycle_riscv_0/RAM_1/mem_reg_1024_1151_11_11 macro),
single_cycle_riscv_0/RAM_1/mem_reg_1152_1279_11_11/DP.HIGH (in single_cycle_riscv_0/RAM_1/mem_reg_1152_1279_11_11 macro),
single_cycle_riscv_0/RAM_1/mem_reg_1152_1279_11_11/DP.LOW (in single_cycle_riscv_0/RAM_1/mem_reg_1152_1279_11_11 macro),
single_cycle_riscv_0/RAM_1/mem_reg_1152_1279_11_11/SP.HIGH (in single_cycle_riscv_0/RAM_1/mem_reg_1152_1279_11_11 macro),
single_cycle_riscv_0/RAM_1/mem_reg_1152_1279_11_11/SP.LOW (in single_cycle_riscv_0/RAM_1/mem_reg_1152_1279_11_11 macro),
single_cycle_riscv_0/RAM_1/mem_reg_1280_1407_11_11/DP.HIGH (in single_cycle_riscv_0/RAM_1/mem_reg_1280_1407_11_11 macro),
single_cycle_riscv_0/RAM_1/mem_reg_1280_1407_11_11/DP.LOW (in single_cycle_riscv_0/RAM_1/mem_reg_1280_1407_11_11 macro),
single_cycle_riscv_0/RAM_1/mem_reg_1280_1407_11_11/SP.HIGH (in single_cycle_riscv_0/RAM_1/mem_reg_1280_1407_11_11 macro)
 (the first 15 of 128 listed)
Related violations: <none>

PLHOLDVIO-2#2 Warning
Non-Optimal connections which could lead to hold violations  
A LUT CLOCKGEN_0/mem_reg_0_127_12_12_i_1 is driving clock pin of 128 cells. This could lead to large hold time violations. Involved cells are:
single_cycle_riscv_0/RAM_1/mem_reg_0_127_12_12/DP.HIGH (in single_cycle_riscv_0/RAM_1/mem_reg_0_127_12_12 macro),
single_cycle_riscv_0/RAM_1/mem_reg_0_127_12_12/DP.LOW (in single_cycle_riscv_0/RAM_1/mem_reg_0_127_12_12 macro),
single_cycle_riscv_0/RAM_1/mem_reg_0_127_12_12/SP.HIGH (in single_cycle_riscv_0/RAM_1/mem_reg_0_127_12_12 macro),
single_cycle_riscv_0/RAM_1/mem_reg_0_127_12_12/SP.LOW (in single_cycle_riscv_0/RAM_1/mem_reg_0_127_12_12 macro),
single_cycle_riscv_0/RAM_1/mem_reg_1024_1151_12_12/DP.HIGH (in single_cycle_riscv_0/RAM_1/mem_reg_1024_1151_12_12 macro),
single_cycle_riscv_0/RAM_1/mem_reg_1024_1151_12_12/DP.LOW (in single_cycle_riscv_0/RAM_1/mem_reg_1024_1151_12_12 macro),
single_cycle_riscv_0/RAM_1/mem_reg_1024_1151_12_12/SP.HIGH (in single_cycle_riscv_0/RAM_1/mem_reg_1024_1151_12_12 macro),
single_cycle_riscv_0/RAM_1/mem_reg_1024_1151_12_12/SP.LOW (in single_cycle_riscv_0/RAM_1/mem_reg_1024_1151_12_12 macro),
single_cycle_riscv_0/RAM_1/mem_reg_1152_1279_12_12/DP.HIGH (in single_cycle_riscv_0/RAM_1/mem_reg_1152_1279_12_12 macro),
single_cycle_riscv_0/RAM_1/mem_reg_1152_1279_12_12/DP.LOW (in single_cycle_riscv_0/RAM_1/mem_reg_1152_1279_12_12 macro),
single_cycle_riscv_0/RAM_1/mem_reg_1152_1279_12_12/SP.HIGH (in single_cycle_riscv_0/RAM_1/mem_reg_1152_1279_12_12 macro),
single_cycle_riscv_0/RAM_1/mem_reg_1152_1279_12_12/SP.LOW (in single_cycle_riscv_0/RAM_1/mem_reg_1152_1279_12_12 macro),
single_cycle_riscv_0/RAM_1/mem_reg_1280_1407_12_12/DP.HIGH (in single_cycle_riscv_0/RAM_1/mem_reg_1280_1407_12_12 macro),
single_cycle_riscv_0/RAM_1/mem_reg_1280_1407_12_12/DP.LOW (in single_cycle_riscv_0/RAM_1/mem_reg_1280_1407_12_12 macro),
single_cycle_riscv_0/RAM_1/mem_reg_1280_1407_12_12/SP.HIGH (in single_cycle_riscv_0/RAM_1/mem_reg_1280_1407_12_12 macro)
 (the first 15 of 128 listed)
Related violations: <none>

PLHOLDVIO-2#3 Warning
Non-Optimal connections which could lead to hold violations  
A LUT CLOCKGEN_0/mem_reg_0_127_13_13_i_1 is driving clock pin of 128 cells. This could lead to large hold time violations. Involved cells are:
single_cycle_riscv_0/RAM_1/mem_reg_0_127_13_13/DP.HIGH (in single_cycle_riscv_0/RAM_1/mem_reg_0_127_13_13 macro),
single_cycle_riscv_0/RAM_1/mem_reg_0_127_13_13/DP.LOW (in single_cycle_riscv_0/RAM_1/mem_reg_0_127_13_13 macro),
single_cycle_riscv_0/RAM_1/mem_reg_0_127_13_13/SP.HIGH (in single_cycle_riscv_0/RAM_1/mem_reg_0_127_13_13 macro),
single_cycle_riscv_0/RAM_1/mem_reg_0_127_13_13/SP.LOW (in single_cycle_riscv_0/RAM_1/mem_reg_0_127_13_13 macro),
single_cycle_riscv_0/RAM_1/mem_reg_1024_1151_13_13/DP.HIGH (in single_cycle_riscv_0/RAM_1/mem_reg_1024_1151_13_13 macro),
single_cycle_riscv_0/RAM_1/mem_reg_1024_1151_13_13/DP.LOW (in single_cycle_riscv_0/RAM_1/mem_reg_1024_1151_13_13 macro),
single_cycle_riscv_0/RAM_1/mem_reg_1024_1151_13_13/SP.HIGH (in single_cycle_riscv_0/RAM_1/mem_reg_1024_1151_13_13 macro),
single_cycle_riscv_0/RAM_1/mem_reg_1024_1151_13_13/SP.LOW (in single_cycle_riscv_0/RAM_1/mem_reg_1024_1151_13_13 macro),
single_cycle_riscv_0/RAM_1/mem_reg_1152_1279_13_13/DP.HIGH (in single_cycle_riscv_0/RAM_1/mem_reg_1152_1279_13_13 macro),
single_cycle_riscv_0/RAM_1/mem_reg_1152_1279_13_13/DP.LOW (in single_cycle_riscv_0/RAM_1/mem_reg_1152_1279_13_13 macro),
single_cycle_riscv_0/RAM_1/mem_reg_1152_1279_13_13/SP.HIGH (in single_cycle_riscv_0/RAM_1/mem_reg_1152_1279_13_13 macro),
single_cycle_riscv_0/RAM_1/mem_reg_1152_1279_13_13/SP.LOW (in single_cycle_riscv_0/RAM_1/mem_reg_1152_1279_13_13 macro),
single_cycle_riscv_0/RAM_1/mem_reg_1280_1407_13_13/DP.HIGH (in single_cycle_riscv_0/RAM_1/mem_reg_1280_1407_13_13 macro),
single_cycle_riscv_0/RAM_1/mem_reg_1280_1407_13_13/DP.LOW (in single_cycle_riscv_0/RAM_1/mem_reg_1280_1407_13_13 macro),
single_cycle_riscv_0/RAM_1/mem_reg_1280_1407_13_13/SP.HIGH (in single_cycle_riscv_0/RAM_1/mem_reg_1280_1407_13_13 macro)
 (the first 15 of 128 listed)
Related violations: <none>

PLHOLDVIO-2#4 Warning
Non-Optimal connections which could lead to hold violations  
A LUT CLOCKGEN_0/mem_reg_0_127_14_14_i_1 is driving clock pin of 128 cells. This could lead to large hold time violations. Involved cells are:
single_cycle_riscv_0/RAM_1/mem_reg_0_127_14_14/DP.HIGH (in single_cycle_riscv_0/RAM_1/mem_reg_0_127_14_14 macro),
single_cycle_riscv_0/RAM_1/mem_reg_0_127_14_14/DP.LOW (in single_cycle_riscv_0/RAM_1/mem_reg_0_127_14_14 macro),
single_cycle_riscv_0/RAM_1/mem_reg_0_127_14_14/SP.HIGH (in single_cycle_riscv_0/RAM_1/mem_reg_0_127_14_14 macro),
single_cycle_riscv_0/RAM_1/mem_reg_0_127_14_14/SP.LOW (in single_cycle_riscv_0/RAM_1/mem_reg_0_127_14_14 macro),
single_cycle_riscv_0/RAM_1/mem_reg_1024_1151_14_14/DP.HIGH (in single_cycle_riscv_0/RAM_1/mem_reg_1024_1151_14_14 macro),
single_cycle_riscv_0/RAM_1/mem_reg_1024_1151_14_14/DP.LOW (in single_cycle_riscv_0/RAM_1/mem_reg_1024_1151_14_14 macro),
single_cycle_riscv_0/RAM_1/mem_reg_1024_1151_14_14/SP.HIGH (in single_cycle_riscv_0/RAM_1/mem_reg_1024_1151_14_14 macro),
single_cycle_riscv_0/RAM_1/mem_reg_1024_1151_14_14/SP.LOW (in single_cycle_riscv_0/RAM_1/mem_reg_1024_1151_14_14 macro),
single_cycle_riscv_0/RAM_1/mem_reg_1152_1279_14_14/DP.HIGH (in single_cycle_riscv_0/RAM_1/mem_reg_1152_1279_14_14 macro),
single_cycle_riscv_0/RAM_1/mem_reg_1152_1279_14_14/DP.LOW (in single_cycle_riscv_0/RAM_1/mem_reg_1152_1279_14_14 macro),
single_cycle_riscv_0/RAM_1/mem_reg_1152_1279_14_14/SP.HIGH (in single_cycle_riscv_0/RAM_1/mem_reg_1152_1279_14_14 macro),
single_cycle_riscv_0/RAM_1/mem_reg_1152_1279_14_14/SP.LOW (in single_cycle_riscv_0/RAM_1/mem_reg_1152_1279_14_14 macro),
single_cycle_riscv_0/RAM_1/mem_reg_1280_1407_14_14/DP.HIGH (in single_cycle_riscv_0/RAM_1/mem_reg_1280_1407_14_14 macro),
single_cycle_riscv_0/RAM_1/mem_reg_1280_1407_14_14/DP.LOW (in single_cycle_riscv_0/RAM_1/mem_reg_1280_1407_14_14 macro),
single_cycle_riscv_0/RAM_1/mem_reg_1280_1407_14_14/SP.HIGH (in single_cycle_riscv_0/RAM_1/mem_reg_1280_1407_14_14 macro)
 (the first 15 of 128 listed)
Related violations: <none>

PLHOLDVIO-2#5 Warning
Non-Optimal connections which could lead to hold violations  
A LUT CLOCKGEN_0/mem_reg_0_127_15_15_i_1 is driving clock pin of 128 cells. This could lead to large hold time violations. Involved cells are:
single_cycle_riscv_0/RAM_1/mem_reg_0_127_15_15/DP.HIGH (in single_cycle_riscv_0/RAM_1/mem_reg_0_127_15_15 macro),
single_cycle_riscv_0/RAM_1/mem_reg_0_127_15_15/DP.LOW (in single_cycle_riscv_0/RAM_1/mem_reg_0_127_15_15 macro),
single_cycle_riscv_0/RAM_1/mem_reg_0_127_15_15/SP.HIGH (in single_cycle_riscv_0/RAM_1/mem_reg_0_127_15_15 macro),
single_cycle_riscv_0/RAM_1/mem_reg_0_127_15_15/SP.LOW (in single_cycle_riscv_0/RAM_1/mem_reg_0_127_15_15 macro),
single_cycle_riscv_0/RAM_1/mem_reg_1024_1151_15_15/DP.HIGH (in single_cycle_riscv_0/RAM_1/mem_reg_1024_1151_15_15 macro),
single_cycle_riscv_0/RAM_1/mem_reg_1024_1151_15_15/DP.LOW (in single_cycle_riscv_0/RAM_1/mem_reg_1024_1151_15_15 macro),
single_cycle_riscv_0/RAM_1/mem_reg_1024_1151_15_15/SP.HIGH (in single_cycle_riscv_0/RAM_1/mem_reg_1024_1151_15_15 macro),
single_cycle_riscv_0/RAM_1/mem_reg_1024_1151_15_15/SP.LOW (in single_cycle_riscv_0/RAM_1/mem_reg_1024_1151_15_15 macro),
single_cycle_riscv_0/RAM_1/mem_reg_1152_1279_15_15/DP.HIGH (in single_cycle_riscv_0/RAM_1/mem_reg_1152_1279_15_15 macro),
single_cycle_riscv_0/RAM_1/mem_reg_1152_1279_15_15/DP.LOW (in single_cycle_riscv_0/RAM_1/mem_reg_1152_1279_15_15 macro),
single_cycle_riscv_0/RAM_1/mem_reg_1152_1279_15_15/SP.HIGH (in single_cycle_riscv_0/RAM_1/mem_reg_1152_1279_15_15 macro),
single_cycle_riscv_0/RAM_1/mem_reg_1152_1279_15_15/SP.LOW (in single_cycle_riscv_0/RAM_1/mem_reg_1152_1279_15_15 macro),
single_cycle_riscv_0/RAM_1/mem_reg_1280_1407_15_15/DP.HIGH (in single_cycle_riscv_0/RAM_1/mem_reg_1280_1407_15_15 macro),
single_cycle_riscv_0/RAM_1/mem_reg_1280_1407_15_15/DP.LOW (in single_cycle_riscv_0/RAM_1/mem_reg_1280_1407_15_15 macro),
single_cycle_riscv_0/RAM_1/mem_reg_1280_1407_15_15/SP.HIGH (in single_cycle_riscv_0/RAM_1/mem_reg_1280_1407_15_15 macro)
 (the first 15 of 128 listed)
Related violations: <none>

PLHOLDVIO-2#6 Warning
Non-Optimal connections which could lead to hold violations  
A LUT CLOCKGEN_0/mem_reg_0_127_16_16_i_1 is driving clock pin of 128 cells. This could lead to large hold time violations. Involved cells are:
single_cycle_riscv_0/RAM_1/mem_reg_0_127_16_16/DP.HIGH (in single_cycle_riscv_0/RAM_1/mem_reg_0_127_16_16 macro),
single_cycle_riscv_0/RAM_1/mem_reg_0_127_16_16/DP.LOW (in single_cycle_riscv_0/RAM_1/mem_reg_0_127_16_16 macro),
single_cycle_riscv_0/RAM_1/mem_reg_0_127_16_16/SP.HIGH (in single_cycle_riscv_0/RAM_1/mem_reg_0_127_16_16 macro),
single_cycle_riscv_0/RAM_1/mem_reg_0_127_16_16/SP.LOW (in single_cycle_riscv_0/RAM_1/mem_reg_0_127_16_16 macro),
single_cycle_riscv_0/RAM_1/mem_reg_1024_1151_16_16/DP.HIGH (in single_cycle_riscv_0/RAM_1/mem_reg_1024_1151_16_16 macro),
single_cycle_riscv_0/RAM_1/mem_reg_1024_1151_16_16/DP.LOW (in single_cycle_riscv_0/RAM_1/mem_reg_1024_1151_16_16 macro),
single_cycle_riscv_0/RAM_1/mem_reg_1024_1151_16_16/SP.HIGH (in single_cycle_riscv_0/RAM_1/mem_reg_1024_1151_16_16 macro),
single_cycle_riscv_0/RAM_1/mem_reg_1024_1151_16_16/SP.LOW (in single_cycle_riscv_0/RAM_1/mem_reg_1024_1151_16_16 macro),
single_cycle_riscv_0/RAM_1/mem_reg_1152_1279_16_16/DP.HIGH (in single_cycle_riscv_0/RAM_1/mem_reg_1152_1279_16_16 macro),
single_cycle_riscv_0/RAM_1/mem_reg_1152_1279_16_16/DP.LOW (in single_cycle_riscv_0/RAM_1/mem_reg_1152_1279_16_16 macro),
single_cycle_riscv_0/RAM_1/mem_reg_1152_1279_16_16/SP.HIGH (in single_cycle_riscv_0/RAM_1/mem_reg_1152_1279_16_16 macro),
single_cycle_riscv_0/RAM_1/mem_reg_1152_1279_16_16/SP.LOW (in single_cycle_riscv_0/RAM_1/mem_reg_1152_1279_16_16 macro),
single_cycle_riscv_0/RAM_1/mem_reg_1280_1407_16_16/DP.HIGH (in single_cycle_riscv_0/RAM_1/mem_reg_1280_1407_16_16 macro),
single_cycle_riscv_0/RAM_1/mem_reg_1280_1407_16_16/DP.LOW (in single_cycle_riscv_0/RAM_1/mem_reg_1280_1407_16_16 macro),
single_cycle_riscv_0/RAM_1/mem_reg_1280_1407_16_16/SP.HIGH (in single_cycle_riscv_0/RAM_1/mem_reg_1280_1407_16_16 macro)
 (the first 15 of 128 listed)
Related violations: <none>

PLHOLDVIO-2#7 Warning
Non-Optimal connections which could lead to hold violations  
A LUT CLOCKGEN_0/mem_reg_0_127_17_17_i_1 is driving clock pin of 128 cells. This could lead to large hold time violations. Involved cells are:
single_cycle_riscv_0/RAM_1/mem_reg_0_127_17_17/DP.HIGH (in single_cycle_riscv_0/RAM_1/mem_reg_0_127_17_17 macro),
single_cycle_riscv_0/RAM_1/mem_reg_0_127_17_17/DP.LOW (in single_cycle_riscv_0/RAM_1/mem_reg_0_127_17_17 macro),
single_cycle_riscv_0/RAM_1/mem_reg_0_127_17_17/SP.HIGH (in single_cycle_riscv_0/RAM_1/mem_reg_0_127_17_17 macro),
single_cycle_riscv_0/RAM_1/mem_reg_0_127_17_17/SP.LOW (in single_cycle_riscv_0/RAM_1/mem_reg_0_127_17_17 macro),
single_cycle_riscv_0/RAM_1/mem_reg_1024_1151_17_17/DP.HIGH (in single_cycle_riscv_0/RAM_1/mem_reg_1024_1151_17_17 macro),
single_cycle_riscv_0/RAM_1/mem_reg_1024_1151_17_17/DP.LOW (in single_cycle_riscv_0/RAM_1/mem_reg_1024_1151_17_17 macro),
single_cycle_riscv_0/RAM_1/mem_reg_1024_1151_17_17/SP.HIGH (in single_cycle_riscv_0/RAM_1/mem_reg_1024_1151_17_17 macro),
single_cycle_riscv_0/RAM_1/mem_reg_1024_1151_17_17/SP.LOW (in single_cycle_riscv_0/RAM_1/mem_reg_1024_1151_17_17 macro),
single_cycle_riscv_0/RAM_1/mem_reg_1152_1279_17_17/DP.HIGH (in single_cycle_riscv_0/RAM_1/mem_reg_1152_1279_17_17 macro),
single_cycle_riscv_0/RAM_1/mem_reg_1152_1279_17_17/DP.LOW (in single_cycle_riscv_0/RAM_1/mem_reg_1152_1279_17_17 macro),
single_cycle_riscv_0/RAM_1/mem_reg_1152_1279_17_17/SP.HIGH (in single_cycle_riscv_0/RAM_1/mem_reg_1152_1279_17_17 macro),
single_cycle_riscv_0/RAM_1/mem_reg_1152_1279_17_17/SP.LOW (in single_cycle_riscv_0/RAM_1/mem_reg_1152_1279_17_17 macro),
single_cycle_riscv_0/RAM_1/mem_reg_1280_1407_17_17/DP.HIGH (in single_cycle_riscv_0/RAM_1/mem_reg_1280_1407_17_17 macro),
single_cycle_riscv_0/RAM_1/mem_reg_1280_1407_17_17/DP.LOW (in single_cycle_riscv_0/RAM_1/mem_reg_1280_1407_17_17 macro),
single_cycle_riscv_0/RAM_1/mem_reg_1280_1407_17_17/SP.HIGH (in single_cycle_riscv_0/RAM_1/mem_reg_1280_1407_17_17 macro)
 (the first 15 of 128 listed)
Related violations: <none>

PLHOLDVIO-2#8 Warning
Non-Optimal connections which could lead to hold violations  
A LUT CLOCKGEN_0/mem_reg_0_127_18_18_i_1 is driving clock pin of 128 cells. This could lead to large hold time violations. Involved cells are:
single_cycle_riscv_0/RAM_1/mem_reg_0_127_18_18/DP.HIGH (in single_cycle_riscv_0/RAM_1/mem_reg_0_127_18_18 macro),
single_cycle_riscv_0/RAM_1/mem_reg_0_127_18_18/DP.LOW (in single_cycle_riscv_0/RAM_1/mem_reg_0_127_18_18 macro),
single_cycle_riscv_0/RAM_1/mem_reg_0_127_18_18/SP.HIGH (in single_cycle_riscv_0/RAM_1/mem_reg_0_127_18_18 macro),
single_cycle_riscv_0/RAM_1/mem_reg_0_127_18_18/SP.LOW (in single_cycle_riscv_0/RAM_1/mem_reg_0_127_18_18 macro),
single_cycle_riscv_0/RAM_1/mem_reg_1024_1151_18_18/DP.HIGH (in single_cycle_riscv_0/RAM_1/mem_reg_1024_1151_18_18 macro),
single_cycle_riscv_0/RAM_1/mem_reg_1024_1151_18_18/DP.LOW (in single_cycle_riscv_0/RAM_1/mem_reg_1024_1151_18_18 macro),
single_cycle_riscv_0/RAM_1/mem_reg_1024_1151_18_18/SP.HIGH (in single_cycle_riscv_0/RAM_1/mem_reg_1024_1151_18_18 macro),
single_cycle_riscv_0/RAM_1/mem_reg_1024_1151_18_18/SP.LOW (in single_cycle_riscv_0/RAM_1/mem_reg_1024_1151_18_18 macro),
single_cycle_riscv_0/RAM_1/mem_reg_1152_1279_18_18/DP.HIGH (in single_cycle_riscv_0/RAM_1/mem_reg_1152_1279_18_18 macro),
single_cycle_riscv_0/RAM_1/mem_reg_1152_1279_18_18/DP.LOW (in single_cycle_riscv_0/RAM_1/mem_reg_1152_1279_18_18 macro),
single_cycle_riscv_0/RAM_1/mem_reg_1152_1279_18_18/SP.HIGH (in single_cycle_riscv_0/RAM_1/mem_reg_1152_1279_18_18 macro),
single_cycle_riscv_0/RAM_1/mem_reg_1152_1279_18_18/SP.LOW (in single_cycle_riscv_0/RAM_1/mem_reg_1152_1279_18_18 macro),
single_cycle_riscv_0/RAM_1/mem_reg_1280_1407_18_18/DP.HIGH (in single_cycle_riscv_0/RAM_1/mem_reg_1280_1407_18_18 macro),
single_cycle_riscv_0/RAM_1/mem_reg_1280_1407_18_18/DP.LOW (in single_cycle_riscv_0/RAM_1/mem_reg_1280_1407_18_18 macro),
single_cycle_riscv_0/RAM_1/mem_reg_1280_1407_18_18/SP.HIGH (in single_cycle_riscv_0/RAM_1/mem_reg_1280_1407_18_18 macro)
 (the first 15 of 128 listed)
Related violations: <none>

PLHOLDVIO-2#9 Warning
Non-Optimal connections which could lead to hold violations  
A LUT CLOCKGEN_0/mem_reg_0_127_19_19_i_1 is driving clock pin of 128 cells. This could lead to large hold time violations. Involved cells are:
single_cycle_riscv_0/RAM_1/mem_reg_0_127_19_19/DP.HIGH (in single_cycle_riscv_0/RAM_1/mem_reg_0_127_19_19 macro),
single_cycle_riscv_0/RAM_1/mem_reg_0_127_19_19/DP.LOW (in single_cycle_riscv_0/RAM_1/mem_reg_0_127_19_19 macro),
single_cycle_riscv_0/RAM_1/mem_reg_0_127_19_19/SP.HIGH (in single_cycle_riscv_0/RAM_1/mem_reg_0_127_19_19 macro),
single_cycle_riscv_0/RAM_1/mem_reg_0_127_19_19/SP.LOW (in single_cycle_riscv_0/RAM_1/mem_reg_0_127_19_19 macro),
single_cycle_riscv_0/RAM_1/mem_reg_1024_1151_19_19/DP.HIGH (in single_cycle_riscv_0/RAM_1/mem_reg_1024_1151_19_19 macro),
single_cycle_riscv_0/RAM_1/mem_reg_1024_1151_19_19/DP.LOW (in single_cycle_riscv_0/RAM_1/mem_reg_1024_1151_19_19 macro),
single_cycle_riscv_0/RAM_1/mem_reg_1024_1151_19_19/SP.HIGH (in single_cycle_riscv_0/RAM_1/mem_reg_1024_1151_19_19 macro),
single_cycle_riscv_0/RAM_1/mem_reg_1024_1151_19_19/SP.LOW (in single_cycle_riscv_0/RAM_1/mem_reg_1024_1151_19_19 macro),
single_cycle_riscv_0/RAM_1/mem_reg_1152_1279_19_19/DP.HIGH (in single_cycle_riscv_0/RAM_1/mem_reg_1152_1279_19_19 macro),
single_cycle_riscv_0/RAM_1/mem_reg_1152_1279_19_19/DP.LOW (in single_cycle_riscv_0/RAM_1/mem_reg_1152_1279_19_19 macro),
single_cycle_riscv_0/RAM_1/mem_reg_1152_1279_19_19/SP.HIGH (in single_cycle_riscv_0/RAM_1/mem_reg_1152_1279_19_19 macro),
single_cycle_riscv_0/RAM_1/mem_reg_1152_1279_19_19/SP.LOW (in single_cycle_riscv_0/RAM_1/mem_reg_1152_1279_19_19 macro),
single_cycle_riscv_0/RAM_1/mem_reg_1280_1407_19_19/DP.HIGH (in single_cycle_riscv_0/RAM_1/mem_reg_1280_1407_19_19 macro),
single_cycle_riscv_0/RAM_1/mem_reg_1280_1407_19_19/DP.LOW (in single_cycle_riscv_0/RAM_1/mem_reg_1280_1407_19_19 macro),
single_cycle_riscv_0/RAM_1/mem_reg_1280_1407_19_19/SP.HIGH (in single_cycle_riscv_0/RAM_1/mem_reg_1280_1407_19_19 macro)
 (the first 15 of 128 listed)
Related violations: <none>

PLHOLDVIO-2#10 Warning
Non-Optimal connections which could lead to hold violations  
A LUT CLOCKGEN_0/mem_reg_0_127_20_20_i_1 is driving clock pin of 128 cells. This could lead to large hold time violations. Involved cells are:
single_cycle_riscv_0/RAM_1/mem_reg_0_127_20_20/DP.HIGH (in single_cycle_riscv_0/RAM_1/mem_reg_0_127_20_20 macro),
single_cycle_riscv_0/RAM_1/mem_reg_0_127_20_20/DP.LOW (in single_cycle_riscv_0/RAM_1/mem_reg_0_127_20_20 macro),
single_cycle_riscv_0/RAM_1/mem_reg_0_127_20_20/SP.HIGH (in single_cycle_riscv_0/RAM_1/mem_reg_0_127_20_20 macro),
single_cycle_riscv_0/RAM_1/mem_reg_0_127_20_20/SP.LOW (in single_cycle_riscv_0/RAM_1/mem_reg_0_127_20_20 macro),
single_cycle_riscv_0/RAM_1/mem_reg_1024_1151_20_20/DP.HIGH (in single_cycle_riscv_0/RAM_1/mem_reg_1024_1151_20_20 macro),
single_cycle_riscv_0/RAM_1/mem_reg_1024_1151_20_20/DP.LOW (in single_cycle_riscv_0/RAM_1/mem_reg_1024_1151_20_20 macro),
single_cycle_riscv_0/RAM_1/mem_reg_1024_1151_20_20/SP.HIGH (in single_cycle_riscv_0/RAM_1/mem_reg_1024_1151_20_20 macro),
single_cycle_riscv_0/RAM_1/mem_reg_1024_1151_20_20/SP.LOW (in single_cycle_riscv_0/RAM_1/mem_reg_1024_1151_20_20 macro),
single_cycle_riscv_0/RAM_1/mem_reg_1152_1279_20_20/DP.HIGH (in single_cycle_riscv_0/RAM_1/mem_reg_1152_1279_20_20 macro),
single_cycle_riscv_0/RAM_1/mem_reg_1152_1279_20_20/DP.LOW (in single_cycle_riscv_0/RAM_1/mem_reg_1152_1279_20_20 macro),
single_cycle_riscv_0/RAM_1/mem_reg_1152_1279_20_20/SP.HIGH (in single_cycle_riscv_0/RAM_1/mem_reg_1152_1279_20_20 macro),
single_cycle_riscv_0/RAM_1/mem_reg_1152_1279_20_20/SP.LOW (in single_cycle_riscv_0/RAM_1/mem_reg_1152_1279_20_20 macro),
single_cycle_riscv_0/RAM_1/mem_reg_1280_1407_20_20/DP.HIGH (in single_cycle_riscv_0/RAM_1/mem_reg_1280_1407_20_20 macro),
single_cycle_riscv_0/RAM_1/mem_reg_1280_1407_20_20/DP.LOW (in single_cycle_riscv_0/RAM_1/mem_reg_1280_1407_20_20 macro),
single_cycle_riscv_0/RAM_1/mem_reg_1280_1407_20_20/SP.HIGH (in single_cycle_riscv_0/RAM_1/mem_reg_1280_1407_20_20 macro)
 (the first 15 of 128 listed)
Related violations: <none>

PLHOLDVIO-2#11 Warning
Non-Optimal connections which could lead to hold violations  
A LUT CLOCKGEN_0/mem_reg_0_127_21_21_i_1 is driving clock pin of 128 cells. This could lead to large hold time violations. Involved cells are:
single_cycle_riscv_0/RAM_1/mem_reg_0_127_21_21/DP.HIGH (in single_cycle_riscv_0/RAM_1/mem_reg_0_127_21_21 macro),
single_cycle_riscv_0/RAM_1/mem_reg_0_127_21_21/DP.LOW (in single_cycle_riscv_0/RAM_1/mem_reg_0_127_21_21 macro),
single_cycle_riscv_0/RAM_1/mem_reg_0_127_21_21/SP.HIGH (in single_cycle_riscv_0/RAM_1/mem_reg_0_127_21_21 macro),
single_cycle_riscv_0/RAM_1/mem_reg_0_127_21_21/SP.LOW (in single_cycle_riscv_0/RAM_1/mem_reg_0_127_21_21 macro),
single_cycle_riscv_0/RAM_1/mem_reg_1024_1151_21_21/DP.HIGH (in single_cycle_riscv_0/RAM_1/mem_reg_1024_1151_21_21 macro),
single_cycle_riscv_0/RAM_1/mem_reg_1024_1151_21_21/DP.LOW (in single_cycle_riscv_0/RAM_1/mem_reg_1024_1151_21_21 macro),
single_cycle_riscv_0/RAM_1/mem_reg_1024_1151_21_21/SP.HIGH (in single_cycle_riscv_0/RAM_1/mem_reg_1024_1151_21_21 macro),
single_cycle_riscv_0/RAM_1/mem_reg_1024_1151_21_21/SP.LOW (in single_cycle_riscv_0/RAM_1/mem_reg_1024_1151_21_21 macro),
single_cycle_riscv_0/RAM_1/mem_reg_1152_1279_21_21/DP.HIGH (in single_cycle_riscv_0/RAM_1/mem_reg_1152_1279_21_21 macro),
single_cycle_riscv_0/RAM_1/mem_reg_1152_1279_21_21/DP.LOW (in single_cycle_riscv_0/RAM_1/mem_reg_1152_1279_21_21 macro),
single_cycle_riscv_0/RAM_1/mem_reg_1152_1279_21_21/SP.HIGH (in single_cycle_riscv_0/RAM_1/mem_reg_1152_1279_21_21 macro),
single_cycle_riscv_0/RAM_1/mem_reg_1152_1279_21_21/SP.LOW (in single_cycle_riscv_0/RAM_1/mem_reg_1152_1279_21_21 macro),
single_cycle_riscv_0/RAM_1/mem_reg_1280_1407_21_21/DP.HIGH (in single_cycle_riscv_0/RAM_1/mem_reg_1280_1407_21_21 macro),
single_cycle_riscv_0/RAM_1/mem_reg_1280_1407_21_21/DP.LOW (in single_cycle_riscv_0/RAM_1/mem_reg_1280_1407_21_21 macro),
single_cycle_riscv_0/RAM_1/mem_reg_1280_1407_21_21/SP.HIGH (in single_cycle_riscv_0/RAM_1/mem_reg_1280_1407_21_21 macro)
 (the first 15 of 128 listed)
Related violations: <none>

PLHOLDVIO-2#12 Warning
Non-Optimal connections which could lead to hold violations  
A LUT CLOCKGEN_0/mem_reg_0_127_22_22_i_1 is driving clock pin of 128 cells. This could lead to large hold time violations. Involved cells are:
single_cycle_riscv_0/RAM_1/mem_reg_0_127_22_22/DP.HIGH (in single_cycle_riscv_0/RAM_1/mem_reg_0_127_22_22 macro),
single_cycle_riscv_0/RAM_1/mem_reg_0_127_22_22/DP.LOW (in single_cycle_riscv_0/RAM_1/mem_reg_0_127_22_22 macro),
single_cycle_riscv_0/RAM_1/mem_reg_0_127_22_22/SP.HIGH (in single_cycle_riscv_0/RAM_1/mem_reg_0_127_22_22 macro),
single_cycle_riscv_0/RAM_1/mem_reg_0_127_22_22/SP.LOW (in single_cycle_riscv_0/RAM_1/mem_reg_0_127_22_22 macro),
single_cycle_riscv_0/RAM_1/mem_reg_1024_1151_22_22/DP.HIGH (in single_cycle_riscv_0/RAM_1/mem_reg_1024_1151_22_22 macro),
single_cycle_riscv_0/RAM_1/mem_reg_1024_1151_22_22/DP.LOW (in single_cycle_riscv_0/RAM_1/mem_reg_1024_1151_22_22 macro),
single_cycle_riscv_0/RAM_1/mem_reg_1024_1151_22_22/SP.HIGH (in single_cycle_riscv_0/RAM_1/mem_reg_1024_1151_22_22 macro),
single_cycle_riscv_0/RAM_1/mem_reg_1024_1151_22_22/SP.LOW (in single_cycle_riscv_0/RAM_1/mem_reg_1024_1151_22_22 macro),
single_cycle_riscv_0/RAM_1/mem_reg_1152_1279_22_22/DP.HIGH (in single_cycle_riscv_0/RAM_1/mem_reg_1152_1279_22_22 macro),
single_cycle_riscv_0/RAM_1/mem_reg_1152_1279_22_22/DP.LOW (in single_cycle_riscv_0/RAM_1/mem_reg_1152_1279_22_22 macro),
single_cycle_riscv_0/RAM_1/mem_reg_1152_1279_22_22/SP.HIGH (in single_cycle_riscv_0/RAM_1/mem_reg_1152_1279_22_22 macro),
single_cycle_riscv_0/RAM_1/mem_reg_1152_1279_22_22/SP.LOW (in single_cycle_riscv_0/RAM_1/mem_reg_1152_1279_22_22 macro),
single_cycle_riscv_0/RAM_1/mem_reg_1280_1407_22_22/DP.HIGH (in single_cycle_riscv_0/RAM_1/mem_reg_1280_1407_22_22 macro),
single_cycle_riscv_0/RAM_1/mem_reg_1280_1407_22_22/DP.LOW (in single_cycle_riscv_0/RAM_1/mem_reg_1280_1407_22_22 macro),
single_cycle_riscv_0/RAM_1/mem_reg_1280_1407_22_22/SP.HIGH (in single_cycle_riscv_0/RAM_1/mem_reg_1280_1407_22_22 macro)
 (the first 15 of 128 listed)
Related violations: <none>

PLHOLDVIO-2#13 Warning
Non-Optimal connections which could lead to hold violations  
A LUT CLOCKGEN_0/mem_reg_0_127_23_23_i_1 is driving clock pin of 128 cells. This could lead to large hold time violations. Involved cells are:
single_cycle_riscv_0/RAM_1/mem_reg_0_127_23_23/DP.HIGH (in single_cycle_riscv_0/RAM_1/mem_reg_0_127_23_23 macro),
single_cycle_riscv_0/RAM_1/mem_reg_0_127_23_23/DP.LOW (in single_cycle_riscv_0/RAM_1/mem_reg_0_127_23_23 macro),
single_cycle_riscv_0/RAM_1/mem_reg_0_127_23_23/SP.HIGH (in single_cycle_riscv_0/RAM_1/mem_reg_0_127_23_23 macro),
single_cycle_riscv_0/RAM_1/mem_reg_0_127_23_23/SP.LOW (in single_cycle_riscv_0/RAM_1/mem_reg_0_127_23_23 macro),
single_cycle_riscv_0/RAM_1/mem_reg_1024_1151_23_23/DP.HIGH (in single_cycle_riscv_0/RAM_1/mem_reg_1024_1151_23_23 macro),
single_cycle_riscv_0/RAM_1/mem_reg_1024_1151_23_23/DP.LOW (in single_cycle_riscv_0/RAM_1/mem_reg_1024_1151_23_23 macro),
single_cycle_riscv_0/RAM_1/mem_reg_1024_1151_23_23/SP.HIGH (in single_cycle_riscv_0/RAM_1/mem_reg_1024_1151_23_23 macro),
single_cycle_riscv_0/RAM_1/mem_reg_1024_1151_23_23/SP.LOW (in single_cycle_riscv_0/RAM_1/mem_reg_1024_1151_23_23 macro),
single_cycle_riscv_0/RAM_1/mem_reg_1152_1279_23_23/DP.HIGH (in single_cycle_riscv_0/RAM_1/mem_reg_1152_1279_23_23 macro),
single_cycle_riscv_0/RAM_1/mem_reg_1152_1279_23_23/DP.LOW (in single_cycle_riscv_0/RAM_1/mem_reg_1152_1279_23_23 macro),
single_cycle_riscv_0/RAM_1/mem_reg_1152_1279_23_23/SP.HIGH (in single_cycle_riscv_0/RAM_1/mem_reg_1152_1279_23_23 macro),
single_cycle_riscv_0/RAM_1/mem_reg_1152_1279_23_23/SP.LOW (in single_cycle_riscv_0/RAM_1/mem_reg_1152_1279_23_23 macro),
single_cycle_riscv_0/RAM_1/mem_reg_1280_1407_23_23/DP.HIGH (in single_cycle_riscv_0/RAM_1/mem_reg_1280_1407_23_23 macro),
single_cycle_riscv_0/RAM_1/mem_reg_1280_1407_23_23/DP.LOW (in single_cycle_riscv_0/RAM_1/mem_reg_1280_1407_23_23 macro),
single_cycle_riscv_0/RAM_1/mem_reg_1280_1407_23_23/SP.HIGH (in single_cycle_riscv_0/RAM_1/mem_reg_1280_1407_23_23 macro)
 (the first 15 of 128 listed)
Related violations: <none>

PLHOLDVIO-2#14 Warning
Non-Optimal connections which could lead to hold violations  
A LUT CLOCKGEN_0/mem_reg_0_127_24_24_i_1 is driving clock pin of 128 cells. This could lead to large hold time violations. Involved cells are:
single_cycle_riscv_0/RAM_1/mem_reg_0_127_24_24/DP.HIGH (in single_cycle_riscv_0/RAM_1/mem_reg_0_127_24_24 macro),
single_cycle_riscv_0/RAM_1/mem_reg_0_127_24_24/DP.LOW (in single_cycle_riscv_0/RAM_1/mem_reg_0_127_24_24 macro),
single_cycle_riscv_0/RAM_1/mem_reg_0_127_24_24/SP.HIGH (in single_cycle_riscv_0/RAM_1/mem_reg_0_127_24_24 macro),
single_cycle_riscv_0/RAM_1/mem_reg_0_127_24_24/SP.LOW (in single_cycle_riscv_0/RAM_1/mem_reg_0_127_24_24 macro),
single_cycle_riscv_0/RAM_1/mem_reg_1024_1151_24_24/DP.HIGH (in single_cycle_riscv_0/RAM_1/mem_reg_1024_1151_24_24 macro),
single_cycle_riscv_0/RAM_1/mem_reg_1024_1151_24_24/DP.LOW (in single_cycle_riscv_0/RAM_1/mem_reg_1024_1151_24_24 macro),
single_cycle_riscv_0/RAM_1/mem_reg_1024_1151_24_24/SP.HIGH (in single_cycle_riscv_0/RAM_1/mem_reg_1024_1151_24_24 macro),
single_cycle_riscv_0/RAM_1/mem_reg_1024_1151_24_24/SP.LOW (in single_cycle_riscv_0/RAM_1/mem_reg_1024_1151_24_24 macro),
single_cycle_riscv_0/RAM_1/mem_reg_1152_1279_24_24/DP.HIGH (in single_cycle_riscv_0/RAM_1/mem_reg_1152_1279_24_24 macro),
single_cycle_riscv_0/RAM_1/mem_reg_1152_1279_24_24/DP.LOW (in single_cycle_riscv_0/RAM_1/mem_reg_1152_1279_24_24 macro),
single_cycle_riscv_0/RAM_1/mem_reg_1152_1279_24_24/SP.HIGH (in single_cycle_riscv_0/RAM_1/mem_reg_1152_1279_24_24 macro),
single_cycle_riscv_0/RAM_1/mem_reg_1152_1279_24_24/SP.LOW (in single_cycle_riscv_0/RAM_1/mem_reg_1152_1279_24_24 macro),
single_cycle_riscv_0/RAM_1/mem_reg_1280_1407_24_24/DP.HIGH (in single_cycle_riscv_0/RAM_1/mem_reg_1280_1407_24_24 macro),
single_cycle_riscv_0/RAM_1/mem_reg_1280_1407_24_24/DP.LOW (in single_cycle_riscv_0/RAM_1/mem_reg_1280_1407_24_24 macro),
single_cycle_riscv_0/RAM_1/mem_reg_1280_1407_24_24/SP.HIGH (in single_cycle_riscv_0/RAM_1/mem_reg_1280_1407_24_24 macro)
 (the first 15 of 128 listed)
Related violations: <none>

PLHOLDVIO-2#15 Warning
Non-Optimal connections which could lead to hold violations  
A LUT CLOCKGEN_0/mem_reg_0_127_25_25_i_1 is driving clock pin of 128 cells. This could lead to large hold time violations. Involved cells are:
single_cycle_riscv_0/RAM_1/mem_reg_0_127_25_25/DP.HIGH (in single_cycle_riscv_0/RAM_1/mem_reg_0_127_25_25 macro),
single_cycle_riscv_0/RAM_1/mem_reg_0_127_25_25/DP.LOW (in single_cycle_riscv_0/RAM_1/mem_reg_0_127_25_25 macro),
single_cycle_riscv_0/RAM_1/mem_reg_0_127_25_25/SP.HIGH (in single_cycle_riscv_0/RAM_1/mem_reg_0_127_25_25 macro),
single_cycle_riscv_0/RAM_1/mem_reg_0_127_25_25/SP.LOW (in single_cycle_riscv_0/RAM_1/mem_reg_0_127_25_25 macro),
single_cycle_riscv_0/RAM_1/mem_reg_1024_1151_25_25/DP.HIGH (in single_cycle_riscv_0/RAM_1/mem_reg_1024_1151_25_25 macro),
single_cycle_riscv_0/RAM_1/mem_reg_1024_1151_25_25/DP.LOW (in single_cycle_riscv_0/RAM_1/mem_reg_1024_1151_25_25 macro),
single_cycle_riscv_0/RAM_1/mem_reg_1024_1151_25_25/SP.HIGH (in single_cycle_riscv_0/RAM_1/mem_reg_1024_1151_25_25 macro),
single_cycle_riscv_0/RAM_1/mem_reg_1024_1151_25_25/SP.LOW (in single_cycle_riscv_0/RAM_1/mem_reg_1024_1151_25_25 macro),
single_cycle_riscv_0/RAM_1/mem_reg_1152_1279_25_25/DP.HIGH (in single_cycle_riscv_0/RAM_1/mem_reg_1152_1279_25_25 macro),
single_cycle_riscv_0/RAM_1/mem_reg_1152_1279_25_25/DP.LOW (in single_cycle_riscv_0/RAM_1/mem_reg_1152_1279_25_25 macro),
single_cycle_riscv_0/RAM_1/mem_reg_1152_1279_25_25/SP.HIGH (in single_cycle_riscv_0/RAM_1/mem_reg_1152_1279_25_25 macro),
single_cycle_riscv_0/RAM_1/mem_reg_1152_1279_25_25/SP.LOW (in single_cycle_riscv_0/RAM_1/mem_reg_1152_1279_25_25 macro),
single_cycle_riscv_0/RAM_1/mem_reg_1280_1407_25_25/DP.HIGH (in single_cycle_riscv_0/RAM_1/mem_reg_1280_1407_25_25 macro),
single_cycle_riscv_0/RAM_1/mem_reg_1280_1407_25_25/DP.LOW (in single_cycle_riscv_0/RAM_1/mem_reg_1280_1407_25_25 macro),
single_cycle_riscv_0/RAM_1/mem_reg_1280_1407_25_25/SP.HIGH (in single_cycle_riscv_0/RAM_1/mem_reg_1280_1407_25_25 macro)
 (the first 15 of 128 listed)
Related violations: <none>

PLHOLDVIO-2#16 Warning
Non-Optimal connections which could lead to hold violations  
A LUT CLOCKGEN_0/mem_reg_0_127_26_26_i_1 is driving clock pin of 128 cells. This could lead to large hold time violations. Involved cells are:
single_cycle_riscv_0/RAM_1/mem_reg_0_127_26_26/DP.HIGH (in single_cycle_riscv_0/RAM_1/mem_reg_0_127_26_26 macro),
single_cycle_riscv_0/RAM_1/mem_reg_0_127_26_26/DP.LOW (in single_cycle_riscv_0/RAM_1/mem_reg_0_127_26_26 macro),
single_cycle_riscv_0/RAM_1/mem_reg_0_127_26_26/SP.HIGH (in single_cycle_riscv_0/RAM_1/mem_reg_0_127_26_26 macro),
single_cycle_riscv_0/RAM_1/mem_reg_0_127_26_26/SP.LOW (in single_cycle_riscv_0/RAM_1/mem_reg_0_127_26_26 macro),
single_cycle_riscv_0/RAM_1/mem_reg_1024_1151_26_26/DP.HIGH (in single_cycle_riscv_0/RAM_1/mem_reg_1024_1151_26_26 macro),
single_cycle_riscv_0/RAM_1/mem_reg_1024_1151_26_26/DP.LOW (in single_cycle_riscv_0/RAM_1/mem_reg_1024_1151_26_26 macro),
single_cycle_riscv_0/RAM_1/mem_reg_1024_1151_26_26/SP.HIGH (in single_cycle_riscv_0/RAM_1/mem_reg_1024_1151_26_26 macro),
single_cycle_riscv_0/RAM_1/mem_reg_1024_1151_26_26/SP.LOW (in single_cycle_riscv_0/RAM_1/mem_reg_1024_1151_26_26 macro),
single_cycle_riscv_0/RAM_1/mem_reg_1152_1279_26_26/DP.HIGH (in single_cycle_riscv_0/RAM_1/mem_reg_1152_1279_26_26 macro),
single_cycle_riscv_0/RAM_1/mem_reg_1152_1279_26_26/DP.LOW (in single_cycle_riscv_0/RAM_1/mem_reg_1152_1279_26_26 macro),
single_cycle_riscv_0/RAM_1/mem_reg_1152_1279_26_26/SP.HIGH (in single_cycle_riscv_0/RAM_1/mem_reg_1152_1279_26_26 macro),
single_cycle_riscv_0/RAM_1/mem_reg_1152_1279_26_26/SP.LOW (in single_cycle_riscv_0/RAM_1/mem_reg_1152_1279_26_26 macro),
single_cycle_riscv_0/RAM_1/mem_reg_1280_1407_26_26/DP.HIGH (in single_cycle_riscv_0/RAM_1/mem_reg_1280_1407_26_26 macro),
single_cycle_riscv_0/RAM_1/mem_reg_1280_1407_26_26/DP.LOW (in single_cycle_riscv_0/RAM_1/mem_reg_1280_1407_26_26 macro),
single_cycle_riscv_0/RAM_1/mem_reg_1280_1407_26_26/SP.HIGH (in single_cycle_riscv_0/RAM_1/mem_reg_1280_1407_26_26 macro)
 (the first 15 of 128 listed)
Related violations: <none>

PLHOLDVIO-2#17 Warning
Non-Optimal connections which could lead to hold violations  
A LUT CLOCKGEN_0/mem_reg_0_127_27_27_i_1 is driving clock pin of 128 cells. This could lead to large hold time violations. Involved cells are:
single_cycle_riscv_0/RAM_1/mem_reg_0_127_27_27/DP.HIGH (in single_cycle_riscv_0/RAM_1/mem_reg_0_127_27_27 macro),
single_cycle_riscv_0/RAM_1/mem_reg_0_127_27_27/DP.LOW (in single_cycle_riscv_0/RAM_1/mem_reg_0_127_27_27 macro),
single_cycle_riscv_0/RAM_1/mem_reg_0_127_27_27/SP.HIGH (in single_cycle_riscv_0/RAM_1/mem_reg_0_127_27_27 macro),
single_cycle_riscv_0/RAM_1/mem_reg_0_127_27_27/SP.LOW (in single_cycle_riscv_0/RAM_1/mem_reg_0_127_27_27 macro),
single_cycle_riscv_0/RAM_1/mem_reg_1024_1151_27_27/DP.HIGH (in single_cycle_riscv_0/RAM_1/mem_reg_1024_1151_27_27 macro),
single_cycle_riscv_0/RAM_1/mem_reg_1024_1151_27_27/DP.LOW (in single_cycle_riscv_0/RAM_1/mem_reg_1024_1151_27_27 macro),
single_cycle_riscv_0/RAM_1/mem_reg_1024_1151_27_27/SP.HIGH (in single_cycle_riscv_0/RAM_1/mem_reg_1024_1151_27_27 macro),
single_cycle_riscv_0/RAM_1/mem_reg_1024_1151_27_27/SP.LOW (in single_cycle_riscv_0/RAM_1/mem_reg_1024_1151_27_27 macro),
single_cycle_riscv_0/RAM_1/mem_reg_1152_1279_27_27/DP.HIGH (in single_cycle_riscv_0/RAM_1/mem_reg_1152_1279_27_27 macro),
single_cycle_riscv_0/RAM_1/mem_reg_1152_1279_27_27/DP.LOW (in single_cycle_riscv_0/RAM_1/mem_reg_1152_1279_27_27 macro),
single_cycle_riscv_0/RAM_1/mem_reg_1152_1279_27_27/SP.HIGH (in single_cycle_riscv_0/RAM_1/mem_reg_1152_1279_27_27 macro),
single_cycle_riscv_0/RAM_1/mem_reg_1152_1279_27_27/SP.LOW (in single_cycle_riscv_0/RAM_1/mem_reg_1152_1279_27_27 macro),
single_cycle_riscv_0/RAM_1/mem_reg_1280_1407_27_27/DP.HIGH (in single_cycle_riscv_0/RAM_1/mem_reg_1280_1407_27_27 macro),
single_cycle_riscv_0/RAM_1/mem_reg_1280_1407_27_27/DP.LOW (in single_cycle_riscv_0/RAM_1/mem_reg_1280_1407_27_27 macro),
single_cycle_riscv_0/RAM_1/mem_reg_1280_1407_27_27/SP.HIGH (in single_cycle_riscv_0/RAM_1/mem_reg_1280_1407_27_27 macro)
 (the first 15 of 128 listed)
Related violations: <none>

PLHOLDVIO-2#18 Warning
Non-Optimal connections which could lead to hold violations  
A LUT CLOCKGEN_0/mem_reg_0_127_28_28_i_1 is driving clock pin of 128 cells. This could lead to large hold time violations. Involved cells are:
single_cycle_riscv_0/RAM_1/mem_reg_0_127_28_28/DP.HIGH (in single_cycle_riscv_0/RAM_1/mem_reg_0_127_28_28 macro),
single_cycle_riscv_0/RAM_1/mem_reg_0_127_28_28/DP.LOW (in single_cycle_riscv_0/RAM_1/mem_reg_0_127_28_28 macro),
single_cycle_riscv_0/RAM_1/mem_reg_0_127_28_28/SP.HIGH (in single_cycle_riscv_0/RAM_1/mem_reg_0_127_28_28 macro),
single_cycle_riscv_0/RAM_1/mem_reg_0_127_28_28/SP.LOW (in single_cycle_riscv_0/RAM_1/mem_reg_0_127_28_28 macro),
single_cycle_riscv_0/RAM_1/mem_reg_1024_1151_28_28/DP.HIGH (in single_cycle_riscv_0/RAM_1/mem_reg_1024_1151_28_28 macro),
single_cycle_riscv_0/RAM_1/mem_reg_1024_1151_28_28/DP.LOW (in single_cycle_riscv_0/RAM_1/mem_reg_1024_1151_28_28 macro),
single_cycle_riscv_0/RAM_1/mem_reg_1024_1151_28_28/SP.HIGH (in single_cycle_riscv_0/RAM_1/mem_reg_1024_1151_28_28 macro),
single_cycle_riscv_0/RAM_1/mem_reg_1024_1151_28_28/SP.LOW (in single_cycle_riscv_0/RAM_1/mem_reg_1024_1151_28_28 macro),
single_cycle_riscv_0/RAM_1/mem_reg_1152_1279_28_28/DP.HIGH (in single_cycle_riscv_0/RAM_1/mem_reg_1152_1279_28_28 macro),
single_cycle_riscv_0/RAM_1/mem_reg_1152_1279_28_28/DP.LOW (in single_cycle_riscv_0/RAM_1/mem_reg_1152_1279_28_28 macro),
single_cycle_riscv_0/RAM_1/mem_reg_1152_1279_28_28/SP.HIGH (in single_cycle_riscv_0/RAM_1/mem_reg_1152_1279_28_28 macro),
single_cycle_riscv_0/RAM_1/mem_reg_1152_1279_28_28/SP.LOW (in single_cycle_riscv_0/RAM_1/mem_reg_1152_1279_28_28 macro),
single_cycle_riscv_0/RAM_1/mem_reg_1280_1407_28_28/DP.HIGH (in single_cycle_riscv_0/RAM_1/mem_reg_1280_1407_28_28 macro),
single_cycle_riscv_0/RAM_1/mem_reg_1280_1407_28_28/DP.LOW (in single_cycle_riscv_0/RAM_1/mem_reg_1280_1407_28_28 macro),
single_cycle_riscv_0/RAM_1/mem_reg_1280_1407_28_28/SP.HIGH (in single_cycle_riscv_0/RAM_1/mem_reg_1280_1407_28_28 macro)
 (the first 15 of 128 listed)
Related violations: <none>

PLHOLDVIO-2#19 Warning
Non-Optimal connections which could lead to hold violations  
A LUT CLOCKGEN_0/mem_reg_0_127_29_29_i_1 is driving clock pin of 128 cells. This could lead to large hold time violations. Involved cells are:
single_cycle_riscv_0/RAM_1/mem_reg_0_127_29_29/DP.HIGH (in single_cycle_riscv_0/RAM_1/mem_reg_0_127_29_29 macro),
single_cycle_riscv_0/RAM_1/mem_reg_0_127_29_29/DP.LOW (in single_cycle_riscv_0/RAM_1/mem_reg_0_127_29_29 macro),
single_cycle_riscv_0/RAM_1/mem_reg_0_127_29_29/SP.HIGH (in single_cycle_riscv_0/RAM_1/mem_reg_0_127_29_29 macro),
single_cycle_riscv_0/RAM_1/mem_reg_0_127_29_29/SP.LOW (in single_cycle_riscv_0/RAM_1/mem_reg_0_127_29_29 macro),
single_cycle_riscv_0/RAM_1/mem_reg_1024_1151_29_29/DP.HIGH (in single_cycle_riscv_0/RAM_1/mem_reg_1024_1151_29_29 macro),
single_cycle_riscv_0/RAM_1/mem_reg_1024_1151_29_29/DP.LOW (in single_cycle_riscv_0/RAM_1/mem_reg_1024_1151_29_29 macro),
single_cycle_riscv_0/RAM_1/mem_reg_1024_1151_29_29/SP.HIGH (in single_cycle_riscv_0/RAM_1/mem_reg_1024_1151_29_29 macro),
single_cycle_riscv_0/RAM_1/mem_reg_1024_1151_29_29/SP.LOW (in single_cycle_riscv_0/RAM_1/mem_reg_1024_1151_29_29 macro),
single_cycle_riscv_0/RAM_1/mem_reg_1152_1279_29_29/DP.HIGH (in single_cycle_riscv_0/RAM_1/mem_reg_1152_1279_29_29 macro),
single_cycle_riscv_0/RAM_1/mem_reg_1152_1279_29_29/DP.LOW (in single_cycle_riscv_0/RAM_1/mem_reg_1152_1279_29_29 macro),
single_cycle_riscv_0/RAM_1/mem_reg_1152_1279_29_29/SP.HIGH (in single_cycle_riscv_0/RAM_1/mem_reg_1152_1279_29_29 macro),
single_cycle_riscv_0/RAM_1/mem_reg_1152_1279_29_29/SP.LOW (in single_cycle_riscv_0/RAM_1/mem_reg_1152_1279_29_29 macro),
single_cycle_riscv_0/RAM_1/mem_reg_1280_1407_29_29/DP.HIGH (in single_cycle_riscv_0/RAM_1/mem_reg_1280_1407_29_29 macro),
single_cycle_riscv_0/RAM_1/mem_reg_1280_1407_29_29/DP.LOW (in single_cycle_riscv_0/RAM_1/mem_reg_1280_1407_29_29 macro),
single_cycle_riscv_0/RAM_1/mem_reg_1280_1407_29_29/SP.HIGH (in single_cycle_riscv_0/RAM_1/mem_reg_1280_1407_29_29 macro)
 (the first 15 of 128 listed)
Related violations: <none>

PLHOLDVIO-2#20 Warning
Non-Optimal connections which could lead to hold violations  
A LUT CLOCKGEN_0/mem_reg_0_127_30_30_i_1 is driving clock pin of 128 cells. This could lead to large hold time violations. Involved cells are:
single_cycle_riscv_0/RAM_1/mem_reg_0_127_30_30/DP.HIGH (in single_cycle_riscv_0/RAM_1/mem_reg_0_127_30_30 macro),
single_cycle_riscv_0/RAM_1/mem_reg_0_127_30_30/DP.LOW (in single_cycle_riscv_0/RAM_1/mem_reg_0_127_30_30 macro),
single_cycle_riscv_0/RAM_1/mem_reg_0_127_30_30/SP.HIGH (in single_cycle_riscv_0/RAM_1/mem_reg_0_127_30_30 macro),
single_cycle_riscv_0/RAM_1/mem_reg_0_127_30_30/SP.LOW (in single_cycle_riscv_0/RAM_1/mem_reg_0_127_30_30 macro),
single_cycle_riscv_0/RAM_1/mem_reg_1024_1151_30_30/DP.HIGH (in single_cycle_riscv_0/RAM_1/mem_reg_1024_1151_30_30 macro),
single_cycle_riscv_0/RAM_1/mem_reg_1024_1151_30_30/DP.LOW (in single_cycle_riscv_0/RAM_1/mem_reg_1024_1151_30_30 macro),
single_cycle_riscv_0/RAM_1/mem_reg_1024_1151_30_30/SP.HIGH (in single_cycle_riscv_0/RAM_1/mem_reg_1024_1151_30_30 macro),
single_cycle_riscv_0/RAM_1/mem_reg_1024_1151_30_30/SP.LOW (in single_cycle_riscv_0/RAM_1/mem_reg_1024_1151_30_30 macro),
single_cycle_riscv_0/RAM_1/mem_reg_1152_1279_30_30/DP.HIGH (in single_cycle_riscv_0/RAM_1/mem_reg_1152_1279_30_30 macro),
single_cycle_riscv_0/RAM_1/mem_reg_1152_1279_30_30/DP.LOW (in single_cycle_riscv_0/RAM_1/mem_reg_1152_1279_30_30 macro),
single_cycle_riscv_0/RAM_1/mem_reg_1152_1279_30_30/SP.HIGH (in single_cycle_riscv_0/RAM_1/mem_reg_1152_1279_30_30 macro),
single_cycle_riscv_0/RAM_1/mem_reg_1152_1279_30_30/SP.LOW (in single_cycle_riscv_0/RAM_1/mem_reg_1152_1279_30_30 macro),
single_cycle_riscv_0/RAM_1/mem_reg_1280_1407_30_30/DP.HIGH (in single_cycle_riscv_0/RAM_1/mem_reg_1280_1407_30_30 macro),
single_cycle_riscv_0/RAM_1/mem_reg_1280_1407_30_30/DP.LOW (in single_cycle_riscv_0/RAM_1/mem_reg_1280_1407_30_30 macro),
single_cycle_riscv_0/RAM_1/mem_reg_1280_1407_30_30/SP.HIGH (in single_cycle_riscv_0/RAM_1/mem_reg_1280_1407_30_30 macro)
 (the first 15 of 128 listed)
Related violations: <none>

PLHOLDVIO-2#21 Warning
Non-Optimal connections which could lead to hold violations  
A LUT CLOCKGEN_0/mem_reg_0_127_31_31_i_1 is driving clock pin of 128 cells. This could lead to large hold time violations. Involved cells are:
single_cycle_riscv_0/RAM_1/mem_reg_0_127_31_31/DP.HIGH (in single_cycle_riscv_0/RAM_1/mem_reg_0_127_31_31 macro),
single_cycle_riscv_0/RAM_1/mem_reg_0_127_31_31/DP.LOW (in single_cycle_riscv_0/RAM_1/mem_reg_0_127_31_31 macro),
single_cycle_riscv_0/RAM_1/mem_reg_0_127_31_31/SP.HIGH (in single_cycle_riscv_0/RAM_1/mem_reg_0_127_31_31 macro),
single_cycle_riscv_0/RAM_1/mem_reg_0_127_31_31/SP.LOW (in single_cycle_riscv_0/RAM_1/mem_reg_0_127_31_31 macro),
single_cycle_riscv_0/RAM_1/mem_reg_1024_1151_31_31/DP.HIGH (in single_cycle_riscv_0/RAM_1/mem_reg_1024_1151_31_31 macro),
single_cycle_riscv_0/RAM_1/mem_reg_1024_1151_31_31/DP.LOW (in single_cycle_riscv_0/RAM_1/mem_reg_1024_1151_31_31 macro),
single_cycle_riscv_0/RAM_1/mem_reg_1024_1151_31_31/SP.HIGH (in single_cycle_riscv_0/RAM_1/mem_reg_1024_1151_31_31 macro),
single_cycle_riscv_0/RAM_1/mem_reg_1024_1151_31_31/SP.LOW (in single_cycle_riscv_0/RAM_1/mem_reg_1024_1151_31_31 macro),
single_cycle_riscv_0/RAM_1/mem_reg_1152_1279_31_31/DP.HIGH (in single_cycle_riscv_0/RAM_1/mem_reg_1152_1279_31_31 macro),
single_cycle_riscv_0/RAM_1/mem_reg_1152_1279_31_31/DP.LOW (in single_cycle_riscv_0/RAM_1/mem_reg_1152_1279_31_31 macro),
single_cycle_riscv_0/RAM_1/mem_reg_1152_1279_31_31/SP.HIGH (in single_cycle_riscv_0/RAM_1/mem_reg_1152_1279_31_31 macro),
single_cycle_riscv_0/RAM_1/mem_reg_1152_1279_31_31/SP.LOW (in single_cycle_riscv_0/RAM_1/mem_reg_1152_1279_31_31 macro),
single_cycle_riscv_0/RAM_1/mem_reg_1280_1407_31_31/DP.HIGH (in single_cycle_riscv_0/RAM_1/mem_reg_1280_1407_31_31 macro),
single_cycle_riscv_0/RAM_1/mem_reg_1280_1407_31_31/DP.LOW (in single_cycle_riscv_0/RAM_1/mem_reg_1280_1407_31_31 macro),
single_cycle_riscv_0/RAM_1/mem_reg_1280_1407_31_31/SP.HIGH (in single_cycle_riscv_0/RAM_1/mem_reg_1280_1407_31_31 macro)
 (the first 15 of 128 listed)
Related violations: <none>


