#-----------------------------------------------------------
# Vivado v2020.2 (64-bit)
# SW Build 3064766 on Wed Nov 18 09:12:45 MST 2020
# IP Build 3064653 on Wed Nov 18 14:17:31 MST 2020
# Start of session at: Tue Oct 11 22:06:40 2022
# Process ID: 36136
# Current directory: C:/Users/xt116/Desktop/verilog_flappy_bird/cpu/single_cycle_riscv/mips_cpu
# Command line: vivado.exe -gui_launcher_event rodinguilauncherevent25272 C:\Users\xt116\Desktop\verilog_flappy_bird\cpu\single_cycle_riscv\mips_cpu\mips_cpu.xpr
# Log file: C:/Users/xt116/Desktop/verilog_flappy_bird/cpu/single_cycle_riscv/mips_cpu/vivado.log
# Journal file: C:/Users/xt116/Desktop/verilog_flappy_bird/cpu/single_cycle_riscv/mips_cpu\vivado.jou
#-----------------------------------------------------------
start_gui
open_project C:/Users/xt116/Desktop/verilog_flappy_bird/cpu/single_cycle_riscv/mips_cpu/mips_cpu.xpr
INFO: [Project 1-313] Project file moved from 'C:/Users/honghongyu/verilog/gruoptask-zhuan/cpu21-riscv-group1/single_cycle_riscv/mips_cpu' since last save.
WARNING: [filemgmt 56-2] Default IP Output Path : Could not find the directory 'C:/Users/xt116/Desktop/verilog_flappy_bird/cpu/single_cycle_riscv/mips_cpu/mips_cpu.gen/sources_1', nor could it be found using path 'C:/Users/honghongyu/verilog/gruoptask-zhuan/cpu21-riscv-group1/single_cycle_riscv/mips_cpu/mips_cpu.gen/sources_1'.
Scanning sources...
Finished scanning sources
INFO: [IP_Flow 19-234] Refreshing IP repositories
INFO: [IP_Flow 19-1704] No user IP repositories specified
INFO: [IP_Flow 19-2313] Loaded Vivado IP repository 'C:/Xilinx/Vivado/2020.2/data/ip'.
open_project: Time (s): cpu = 00:00:13 ; elapsed = 00:00:06 . Memory (MB): peak = 1015.184 ; gain = 0.000
update_compile_order -fileset sources_1
exit
INFO: [Common 17-206] Exiting Vivado at Tue Oct 11 22:07:40 2022...
