#-----------------------------------------------------------
# Vivado v2020.2 (64-bit)
# SW Build 3064766 on Wed Nov 18 09:12:45 MST 2020
# IP Build 3064653 on Wed Nov 18 14:17:31 MST 2020
# Start of session at: Thu Oct 20 15:58:32 2022
# Process ID: 11880
# Current directory: C:/verilog_flappy_bird/cpu/single_cycle_riscv/mips_cpu
# Command line: vivado.exe -gui_launcher_event rodinguilauncherevent2480 C:\verilog_flappy_bird\cpu\single_cycle_riscv\mips_cpu\mips_cpu.xpr
# Log file: C:/verilog_flappy_bird/cpu/single_cycle_riscv/mips_cpu/vivado.log
# Journal file: C:/verilog_flappy_bird/cpu/single_cycle_riscv/mips_cpu\vivado.jou
#-----------------------------------------------------------
start_gui
open_project C:/verilog_flappy_bird/cpu/single_cycle_riscv/mips_cpu/mips_cpu.xpr
INFO: [Project 1-313] Project file moved from 'C:/Users/xt116/Desktop/verilog_flappy_bird/cpu/single_cycle_riscv/mips_cpu' since last save.
WARNING: [filemgmt 56-2] Default IP Output Path : Could not find the directory 'C:/verilog_flappy_bird/cpu/single_cycle_riscv/mips_cpu/mips_cpu.gen/sources_1', nor could it be found using path 'C:/Users/xt116/Desktop/verilog_flappy_bird/cpu/single_cycle_riscv/mips_cpu/mips_cpu.gen/sources_1'.
Scanning sources...
Finished scanning sources
INFO: [IP_Flow 19-234] Refreshing IP repositories
INFO: [IP_Flow 19-1704] No user IP repositories specified
INFO: [IP_Flow 19-2313] Loaded Vivado IP repository 'C:/Xilinx/Vivado/2020.2/data/ip'.
open_project: Time (s): cpu = 00:00:12 ; elapsed = 00:00:08 . Memory (MB): peak = 1016.270 ; gain = 0.000
update_compile_order -fileset sources_1
reset_run synth_1
launch_runs synth_1 -jobs 6
[Thu Oct 20 15:59:02 2022] Launched synth_1...
Run output will be captured here: C:/verilog_flappy_bird/cpu/single_cycle_riscv/mips_cpu/mips_cpu.runs/synth_1/runme.log
reset_run synth_1
launch_runs synth_1 -jobs 6
[Thu Oct 20 16:07:23 2022] Launched synth_1...
Run output will be captured here: C:/verilog_flappy_bird/cpu/single_cycle_riscv/mips_cpu/mips_cpu.runs/synth_1/runme.log
reset_run synth_1
launch_runs synth_1 -jobs 6
[Thu Oct 20 16:08:30 2022] Launched synth_1...
Run output will be captured here: C:/verilog_flappy_bird/cpu/single_cycle_riscv/mips_cpu/mips_cpu.runs/synth_1/runme.log
reset_run synth_1
WARNING: [Vivado 12-1017] Problems encountered:
1. Failed to delete one or more files in run directory C:/verilog_flappy_bird/cpu/single_cycle_riscv/mips_cpu/mips_cpu.runs/synth_1

exit
INFO: [Common 17-206] Exiting Vivado at Thu Oct 20 16:25:16 2022...
