#-----------------------------------------------------------
# Vivado v2020.2 (64-bit)
# SW Build 3064766 on Wed Nov 18 09:12:45 MST 2020
# IP Build 3064653 on Wed Nov 18 14:17:31 MST 2020
# Start of session at: Thu Oct 20 16:25:56 2022
# Process ID: 1592
# Current directory: C:/verilog_flappy_bird/cpu/single_cycle_riscv/mips_cpu
# Command line: vivado.exe -gui_launcher_event rodinguilauncherevent13276 C:\verilog_flappy_bird\cpu\single_cycle_riscv\mips_cpu\mips_cpu.xpr
# Log file: C:/verilog_flappy_bird/cpu/single_cycle_riscv/mips_cpu/vivado.log
# Journal file: C:/verilog_flappy_bird/cpu/single_cycle_riscv/mips_cpu\vivado.jou
#-----------------------------------------------------------
start_gui
open_project C:/verilog_flappy_bird/cpu/single_cycle_riscv/mips_cpu/mips_cpu.xpr
WARNING: [filemgmt 56-3] Default IP Output Path : Could not find the directory 'C:/verilog_flappy_bird/cpu/single_cycle_riscv/mips_cpu/mips_cpu.gen/sources_1'.
Scanning sources...
Finished scanning sources
INFO: [IP_Flow 19-234] Refreshing IP repositories
INFO: [IP_Flow 19-1704] No user IP repositories specified
INFO: [IP_Flow 19-2313] Loaded Vivado IP repository 'C:/Xilinx/Vivado/2020.2/data/ip'.
update_compile_order -fileset sources_1
launch_runs synth_1 -jobs 6
[Thu Oct 20 16:26:34 2022] Launched synth_1...
Run output will be captured here: C:/verilog_flappy_bird/cpu/single_cycle_riscv/mips_cpu/mips_cpu.runs/synth_1/runme.log
launch_runs impl_1 -jobs 6
[Thu Oct 20 17:00:41 2022] Launched impl_1...
Run output will be captured here: C:/verilog_flappy_bird/cpu/single_cycle_riscv/mips_cpu/mips_cpu.runs/impl_1/runme.log
reset_run impl_1
reset_run synth_1
launch_runs synth_1 -jobs 6
[Thu Oct 20 17:15:11 2022] Launched synth_1...
Run output will be captured here: C:/verilog_flappy_bird/cpu/single_cycle_riscv/mips_cpu/mips_cpu.runs/synth_1/runme.log
reset_run synth_1
launch_runs synth_1 -jobs 6
[Thu Oct 20 17:21:14 2022] Launched synth_1...
Run output will be captured here: C:/verilog_flappy_bird/cpu/single_cycle_riscv/mips_cpu/mips_cpu.runs/synth_1/runme.log
launch_runs impl_1 -jobs 6
[Thu Oct 20 17:24:04 2022] Launched impl_1...
Run output will be captured here: C:/verilog_flappy_bird/cpu/single_cycle_riscv/mips_cpu/mips_cpu.runs/impl_1/runme.log
exit
INFO: [Common 17-206] Exiting Vivado at Thu Oct 20 18:33:14 2022...
